#
# There is insufficient memory for the Java Runtime Environment to continue.
# Native memory allocation (malloc) failed to allocate 263696 bytes for Chunk::new
# Possible reasons:
#   The system is out of physical RAM or swap space
#   The process is running with CompressedOops enabled, and the Java Heap may be blocking the growth of the native heap
# Possible solutions:
#   Reduce memory load on the system
#   Increase physical memory or swap space
#   Check if swap backing store is full
#   Decrease Java heap size (-Xmx/-Xms)
#   Decrease number of Java threads
#   Decrease Java thread stack sizes (-Xss)
#   Set larger code cache with -XX:ReservedCodeCacheSize=
#   JVM is running with Zero Based Compressed Oops mode in which the Java heap is
#     placed in the first 32GB address space. The Java Heap base address is the
#     maximum limit for the native heap growth. Please use -XX:HeapBaseMinAddress
#     to set the Java Heap base and to place the Java Heap above 32GB virtual address.
# This output file may be truncated or incomplete.
#
#  Out of Memory Error (arena.cpp:168), pid=13564, tid=1672
#
# JRE version: Java(TM) SE Runtime Environment (21.0.1+12) (build 21.0.1+12-LTS-29)
# Java VM: Java HotSpot(TM) 64-Bit Server VM (21.0.1+12-LTS-29, mixed mode, sharing, tiered, compressed oops, compressed class ptrs, g1 gc, windows-amd64)
# No core dump will be written. Minidumps are not enabled by default on client versions of Windows
#

---------------  S U M M A R Y ------------

Command Line: -Dfile.encoding=UTF-8 --module-path=C:\Users\HP\Documents\NetBeansProjects\ChatApp\build\classes com.main.Main

Host: AMD Ryzen 5 7535HS with Radeon Graphics        , 12 cores, 15G,  Windows 11 , 64 bit Build 22621 (10.0.22621.3527)
Time: Wed May 22 23:01:28 2024 SE Asia Standard Time elapsed time: 1.020400 seconds (0d 0h 0m 1s)

---------------  T H R E A D  ---------------

Current thread (0x0000024dfe878210):  JavaThread "C2 CompilerThread2" daemon [_thread_in_native, id=1672, stack(0x000000c270f00000,0x000000c271000000) (1024K)]


Current CompileTask:
C2:   1020 1704   !   4       sun.font.FontDesignMetrics::getMetrics (265 bytes)

Stack: [0x000000c270f00000,0x000000c271000000]
Native frames: (J=compiled Java code, j=interpreted, Vv=VM code, C=native code)
V  [jvm.dll+0x6c9029]
V  [jvm.dll+0x854b81]
V  [jvm.dll+0x856e5e]
V  [jvm.dll+0x857543]
V  [jvm.dll+0x280c06]
V  [jvm.dll+0xc3ead]
V  [jvm.dll+0xc43c3]
V  [jvm.dll+0x2f3f3f]
V  [jvm.dll+0x5f40a6]
V  [jvm.dll+0x252bef]
V  [jvm.dll+0x24b431]
V  [jvm.dll+0x248fa3]
V  [jvm.dll+0x1c9ca1]
V  [jvm.dll+0x2586b9]
V  [jvm.dll+0x256c9a]
V  [jvm.dll+0x3ef1b6]
V  [jvm.dll+0x7fd728]
V  [jvm.dll+0x6c777d]
C  [ucrtbase.dll+0x29333]
C  [KERNEL32.DLL+0x1257d]
C  [ntdll.dll+0x5aa48]


---------------  P R O C E S S  ---------------

Threads class SMR info:
_java_thread_list=0x0000024dfea72d60, length=19, elements={
0x0000024dae32bf10, 0x0000024dae32c970, 0x0000024dae3318f0, 0x0000024dae332480,
0x0000024dae33b780, 0x0000024dae361b20, 0x0000024dae364ad0, 0x0000024dae367580,
0x0000024dae591570, 0x0000024dae633cd0, 0x0000024dae6f8210, 0x0000024dae7cda90,
0x0000024dae7d2bc0, 0x0000024dae7d5850, 0x0000024d8d02ada0, 0x0000024dfe6f2680,
0x0000024dfe3d3a30, 0x0000024dfe768300, 0x0000024dfe878210
}

Java Threads: ( => current thread )
  0x0000024dae32bf10 JavaThread "Reference Handler"          daemon [_thread_blocked, id=12984, stack(0x000000c26e600000,0x000000c26e700000) (1024K)]
  0x0000024dae32c970 JavaThread "Finalizer"                  daemon [_thread_blocked, id=6140, stack(0x000000c26e700000,0x000000c26e800000) (1024K)]
  0x0000024dae3318f0 JavaThread "Signal Dispatcher"          daemon [_thread_blocked, id=16996, stack(0x000000c26e800000,0x000000c26e900000) (1024K)]
  0x0000024dae332480 JavaThread "Attach Listener"            daemon [_thread_blocked, id=17984, stack(0x000000c26e900000,0x000000c26ea00000) (1024K)]
  0x0000024dae33b780 JavaThread "Service Thread"             daemon [_thread_blocked, id=12348, stack(0x000000c26ea00000,0x000000c26eb00000) (1024K)]
  0x0000024dae361b20 JavaThread "Monitor Deflation Thread"   daemon [_thread_blocked, id=9508, stack(0x000000c26eb00000,0x000000c26ec00000) (1024K)]
  0x0000024dae364ad0 JavaThread "C2 CompilerThread0"         daemon [_thread_blocked, id=20612, stack(0x000000c26ec00000,0x000000c26ed00000) (1024K)]
  0x0000024dae367580 JavaThread "C1 CompilerThread0"         daemon [_thread_blocked, id=1868, stack(0x000000c26ed00000,0x000000c26ee00000) (1024K)]
  0x0000024dae591570 JavaThread "Common-Cleaner"             daemon [_thread_blocked, id=7896, stack(0x000000c26ee00000,0x000000c26ef00000) (1024K)]
  0x0000024dae633cd0 JavaThread "Notification Thread"        daemon [_thread_blocked, id=16240, stack(0x000000c26ef00000,0x000000c26f000000) (1024K)]
  0x0000024dae6f8210 JavaThread "Java2D Disposer"            daemon [_thread_blocked, id=17472, stack(0x000000c26f000000,0x000000c26f100000) (1024K)]
  0x0000024dae7cda90 JavaThread "AWT-Shutdown"                      [_thread_blocked, id=9172, stack(0x000000c26f100000,0x000000c26f200000) (1024K)]
  0x0000024dae7d2bc0 JavaThread "AWT-Windows"                daemon [_thread_in_native, id=19776, stack(0x000000c26f200000,0x000000c26f300000) (1024K)]
  0x0000024dae7d5850 JavaThread "AWT-EventQueue-0"                  [_thread_in_Java, id=18944, stack(0x000000c26f300000,0x000000c26f400000) (1024K)]
  0x0000024d8d02ada0 JavaThread "DestroyJavaVM"                     [_thread_blocked, id=7044, stack(0x000000c26de00000,0x000000c26df00000) (1024K)]
  0x0000024dfe6f2680 JavaThread "Image Fetcher 0"            daemon [_thread_blocked, id=19680, stack(0x000000c270000000,0x000000c270100000) (1024K)]
  0x0000024dfe3d3a30 JavaThread "C2 CompilerThread1"         daemon [_thread_blocked, id=20132, stack(0x000000c270100000,0x000000c270200000) (1024K)]
  0x0000024dfe768300 JavaThread "TimerQueue"                 daemon [_thread_blocked, id=5176, stack(0x000000c270200000,0x000000c270300000) (1024K)]
=>0x0000024dfe878210 JavaThread "C2 CompilerThread2"         daemon [_thread_in_native, id=1672, stack(0x000000c270f00000,0x000000c271000000) (1024K)]
Total: 19

Other Threads:
  0x0000024dae313980 VMThread "VM Thread"                           [id=18940, stack(0x000000c26e500000,0x000000c26e600000) (1024K)]
  0x0000024dae2fab10 WatcherThread "VM Periodic Task Thread"        [id=21016, stack(0x000000c26e400000,0x000000c26e500000) (1024K)]
  0x0000024d8d1996b0 WorkerThread "GC Thread#0"                     [id=20076, stack(0x000000c26df00000,0x000000c26e000000) (1024K)]
  0x0000024dfe797280 WorkerThread "GC Thread#1"                     [id=15060, stack(0x000000c270300000,0x000000c270400000) (1024K)]
  0x0000024dfe791f90 WorkerThread "GC Thread#2"                     [id=11124, stack(0x000000c270400000,0x000000c270500000) (1024K)]
  0x0000024dfe792b40 WorkerThread "GC Thread#3"                     [id=15332, stack(0x000000c270500000,0x000000c270600000) (1024K)]
  0x0000024dfe7d9f30 WorkerThread "GC Thread#4"                     [id=7364, stack(0x000000c270600000,0x000000c270700000) (1024K)]
  0x0000024dfe7daae0 WorkerThread "GC Thread#5"                     [id=8148, stack(0x000000c270700000,0x000000c270800000) (1024K)]
  0x0000024dfe814cb0 WorkerThread "GC Thread#6"                     [id=18620, stack(0x000000c270800000,0x000000c270900000) (1024K)]
  0x0000024dfe814910 WorkerThread "GC Thread#7"                     [id=6136, stack(0x000000c270900000,0x000000c270a00000) (1024K)]
  0x0000024dfe815050 WorkerThread "GC Thread#8"                     [id=18564, stack(0x000000c270a00000,0x000000c270b00000) (1024K)]
  0x0000024dfe8153f0 WorkerThread "GC Thread#9"                     [id=14892, stack(0x000000c270b00000,0x000000c270c00000) (1024K)]
  0x0000024d8d1aa420 ConcurrentGCThread "G1 Main Marker"            [id=13916, stack(0x000000c26e000000,0x000000c26e100000) (1024K)]
  0x0000024d8d1aaf20 WorkerThread "G1 Conc#0"                       [id=18388, stack(0x000000c26e100000,0x000000c26e200000) (1024K)]
  0x0000024dae1cc980 ConcurrentGCThread "G1 Refine#0"               [id=16584, stack(0x000000c26e200000,0x000000c26e300000) (1024K)]
  0x0000024dae1cf1c0 ConcurrentGCThread "G1 Service"                [id=9248, stack(0x000000c26e300000,0x000000c26e400000) (1024K)]
Total: 16

Threads with active compile tasks:
C2 CompilerThread2     1052 1704   !   4       sun.font.FontDesignMetrics::getMetrics (265 bytes)
Total: 1

VM state: not at safepoint (normal execution)

VM Mutex/Monitor currently owned by a thread: None

Heap address: 0x000000070ca00000, size: 3894 MB, Compressed Oops mode: Zero based, Oop shift amount: 3

CDS archive(s) mapped at: [0x0000024daf000000-0x0000024dafc90000-0x0000024dafc90000), size 13172736, SharedBaseAddress: 0x0000024daf000000, ArchiveRelocationMode: 1.
Compressed class space mapped at: 0x0000024db0000000-0x0000024df0000000, reserved size: 1073741824
Narrow klass base: 0x0000024daf000000, Narrow klass shift: 0, Narrow klass range: 0x100000000

GC Precious Log:
 CardTable entry size: 512
 Card Set container configuration: InlinePtr #cards 4 size 8 Array Of Cards #cards 16 size 48 Howl #buckets 8 coarsen threshold 3686 Howl Bitmap #cards 512 size 80 coarsen threshold 460 Card regions per heap region 1 cards per card region 4096
 CPUs: 12 total, 12 available
 Memory: 15573M
 Large Page Support: Disabled
 NUMA Support: Disabled
 Compressed Oops: Enabled (Zero based)
 Heap Region Size: 2M
 Heap Min Capacity: 8M
 Heap Initial Capacity: 244M
 Heap Max Capacity: 3894M
 Pre-touch: Disabled
 Parallel Workers: 10
 Concurrent Workers: 3
 Concurrent Refinement Workers: 10
 Periodic GC: Disabled

Heap:
 garbage-first heap   total 249856K, used 26024K [0x000000070ca00000, 0x0000000800000000)
  region size 2048K, 6 young (12288K), 2 survivors (4096K)
 Metaspace       used 12780K, committed 12992K, reserved 1114112K
  class space    used 1508K, committed 1600K, reserved 1048576K

Heap Regions: E=young(eden), S=young(survivor), O=old, HS=humongous(starts), HC=humongous(continues), CS=collection set, F=free, TAMS=top-at-mark-start, PB=parsable bottom
|   0|0x000000070ca00000, 0x000000070cc00000, 0x000000070cc00000|100%|HS|  |TAMS 0x000000070ca00000| PB 0x000000070ca00000| Complete 
|   1|0x000000070cc00000, 0x000000070ce00000, 0x000000070ce00000|100%|HC|  |TAMS 0x000000070cc00000| PB 0x000000070cc00000| Complete 
|   2|0x000000070ce00000, 0x000000070d000000, 0x000000070d000000|100%|HC|  |TAMS 0x000000070ce00000| PB 0x000000070ce00000| Complete 
|   3|0x000000070d000000, 0x000000070d200000, 0x000000070d200000|100%|HC|  |TAMS 0x000000070d000000| PB 0x000000070d000000| Complete 
|   4|0x000000070d200000, 0x000000070d400000, 0x000000070d400000|100%|HS|  |TAMS 0x000000070d200000| PB 0x000000070d200000| Complete 
|   5|0x000000070d400000, 0x000000070d600000, 0x000000070d600000|100%|HC|  |TAMS 0x000000070d400000| PB 0x000000070d400000| Complete 
|   6|0x000000070d600000, 0x000000070d800000, 0x000000070d800000|100%|HS|  |TAMS 0x000000070d600000| PB 0x000000070d600000| Complete 
|   7|0x000000070d800000, 0x000000070da00000, 0x000000070da00000|100%|HC|  |TAMS 0x000000070d800000| PB 0x000000070d800000| Complete 
|   8|0x000000070da00000, 0x000000070dc00000, 0x000000070dc00000|100%|HC|  |TAMS 0x000000070da00000| PB 0x000000070da00000| Complete 
|   9|0x000000070dc00000, 0x000000070dc00000, 0x000000070de00000|  0%| F|  |TAMS 0x000000070dc00000| PB 0x000000070dc00000| Untracked 
|  10|0x000000070de00000, 0x000000070de00000, 0x000000070e000000|  0%| F|  |TAMS 0x000000070de00000| PB 0x000000070de00000| Untracked 
|  11|0x000000070e000000, 0x000000070e000000, 0x000000070e200000|  0%| F|  |TAMS 0x000000070e000000| PB 0x000000070e000000| Untracked 
|  12|0x000000070e200000, 0x000000070e200000, 0x000000070e400000|  0%| F|  |TAMS 0x000000070e200000| PB 0x000000070e200000| Untracked 
|  13|0x000000070e400000, 0x000000070e400000, 0x000000070e600000|  0%| F|  |TAMS 0x000000070e400000| PB 0x000000070e400000| Untracked 
|  14|0x000000070e600000, 0x000000070e600000, 0x000000070e800000|  0%| F|  |TAMS 0x000000070e600000| PB 0x000000070e600000| Untracked 
|  15|0x000000070e800000, 0x000000070e800000, 0x000000070ea00000|  0%| F|  |TAMS 0x000000070e800000| PB 0x000000070e800000| Untracked 
|  16|0x000000070ea00000, 0x000000070ea00000, 0x000000070ec00000|  0%| F|  |TAMS 0x000000070ea00000| PB 0x000000070ea00000| Untracked 
|  17|0x000000070ec00000, 0x000000070ec00000, 0x000000070ee00000|  0%| F|  |TAMS 0x000000070ec00000| PB 0x000000070ec00000| Untracked 
|  18|0x000000070ee00000, 0x000000070ee00000, 0x000000070f000000|  0%| F|  |TAMS 0x000000070ee00000| PB 0x000000070ee00000| Untracked 
|  19|0x000000070f000000, 0x000000070f000000, 0x000000070f200000|  0%| F|  |TAMS 0x000000070f000000| PB 0x000000070f000000| Untracked 
|  20|0x000000070f200000, 0x000000070f200000, 0x000000070f400000|  0%| F|  |TAMS 0x000000070f200000| PB 0x000000070f200000| Untracked 
|  21|0x000000070f400000, 0x000000070f400000, 0x000000070f600000|  0%| F|  |TAMS 0x000000070f400000| PB 0x000000070f400000| Untracked 
|  22|0x000000070f600000, 0x000000070f600000, 0x000000070f800000|  0%| F|  |TAMS 0x000000070f600000| PB 0x000000070f600000| Untracked 
|  23|0x000000070f800000, 0x000000070f800000, 0x000000070fa00000|  0%| F|  |TAMS 0x000000070f800000| PB 0x000000070f800000| Untracked 
|  24|0x000000070fa00000, 0x000000070fa00000, 0x000000070fc00000|  0%| F|  |TAMS 0x000000070fa00000| PB 0x000000070fa00000| Untracked 
|  25|0x000000070fc00000, 0x000000070fc00000, 0x000000070fe00000|  0%| F|  |TAMS 0x000000070fc00000| PB 0x000000070fc00000| Untracked 
|  26|0x000000070fe00000, 0x000000070fe00000, 0x0000000710000000|  0%| F|  |TAMS 0x000000070fe00000| PB 0x000000070fe00000| Untracked 
|  27|0x0000000710000000, 0x0000000710000000, 0x0000000710200000|  0%| F|  |TAMS 0x0000000710000000| PB 0x0000000710000000| Untracked 
|  28|0x0000000710200000, 0x0000000710200000, 0x0000000710400000|  0%| F|  |TAMS 0x0000000710200000| PB 0x0000000710200000| Untracked 
|  29|0x0000000710400000, 0x0000000710400000, 0x0000000710600000|  0%| F|  |TAMS 0x0000000710400000| PB 0x0000000710400000| Untracked 
|  30|0x0000000710600000, 0x0000000710600000, 0x0000000710800000|  0%| F|  |TAMS 0x0000000710600000| PB 0x0000000710600000| Untracked 
|  31|0x0000000710800000, 0x0000000710800000, 0x0000000710a00000|  0%| F|  |TAMS 0x0000000710800000| PB 0x0000000710800000| Untracked 
|  32|0x0000000710a00000, 0x0000000710a00000, 0x0000000710c00000|  0%| F|  |TAMS 0x0000000710a00000| PB 0x0000000710a00000| Untracked 
|  33|0x0000000710c00000, 0x0000000710c00000, 0x0000000710e00000|  0%| F|  |TAMS 0x0000000710c00000| PB 0x0000000710c00000| Untracked 
|  34|0x0000000710e00000, 0x0000000710e00000, 0x0000000711000000|  0%| F|  |TAMS 0x0000000710e00000| PB 0x0000000710e00000| Untracked 
|  35|0x0000000711000000, 0x0000000711000000, 0x0000000711200000|  0%| F|  |TAMS 0x0000000711000000| PB 0x0000000711000000| Untracked 
|  36|0x0000000711200000, 0x0000000711200000, 0x0000000711400000|  0%| F|  |TAMS 0x0000000711200000| PB 0x0000000711200000| Untracked 
|  37|0x0000000711400000, 0x0000000711400000, 0x0000000711600000|  0%| F|  |TAMS 0x0000000711400000| PB 0x0000000711400000| Untracked 
|  38|0x0000000711600000, 0x0000000711600000, 0x0000000711800000|  0%| F|  |TAMS 0x0000000711600000| PB 0x0000000711600000| Untracked 
|  39|0x0000000711800000, 0x0000000711800000, 0x0000000711a00000|  0%| F|  |TAMS 0x0000000711800000| PB 0x0000000711800000| Untracked 
|  40|0x0000000711a00000, 0x0000000711a00000, 0x0000000711c00000|  0%| F|  |TAMS 0x0000000711a00000| PB 0x0000000711a00000| Untracked 
|  41|0x0000000711c00000, 0x0000000711c00000, 0x0000000711e00000|  0%| F|  |TAMS 0x0000000711c00000| PB 0x0000000711c00000| Untracked 
|  42|0x0000000711e00000, 0x0000000711e00000, 0x0000000712000000|  0%| F|  |TAMS 0x0000000711e00000| PB 0x0000000711e00000| Untracked 
|  43|0x0000000712000000, 0x0000000712000000, 0x0000000712200000|  0%| F|  |TAMS 0x0000000712000000| PB 0x0000000712000000| Untracked 
|  44|0x0000000712200000, 0x0000000712200000, 0x0000000712400000|  0%| F|  |TAMS 0x0000000712200000| PB 0x0000000712200000| Untracked 
|  45|0x0000000712400000, 0x0000000712400000, 0x0000000712600000|  0%| F|  |TAMS 0x0000000712400000| PB 0x0000000712400000| Untracked 
|  46|0x0000000712600000, 0x0000000712600000, 0x0000000712800000|  0%| F|  |TAMS 0x0000000712600000| PB 0x0000000712600000| Untracked 
|  47|0x0000000712800000, 0x0000000712800000, 0x0000000712a00000|  0%| F|  |TAMS 0x0000000712800000| PB 0x0000000712800000| Untracked 
|  48|0x0000000712a00000, 0x0000000712a00000, 0x0000000712c00000|  0%| F|  |TAMS 0x0000000712a00000| PB 0x0000000712a00000| Untracked 
|  49|0x0000000712c00000, 0x0000000712c00000, 0x0000000712e00000|  0%| F|  |TAMS 0x0000000712c00000| PB 0x0000000712c00000| Untracked 
|  50|0x0000000712e00000, 0x0000000712e00000, 0x0000000713000000|  0%| F|  |TAMS 0x0000000712e00000| PB 0x0000000712e00000| Untracked 
|  51|0x0000000713000000, 0x0000000713000000, 0x0000000713200000|  0%| F|  |TAMS 0x0000000713000000| PB 0x0000000713000000| Untracked 
|  52|0x0000000713200000, 0x0000000713200000, 0x0000000713400000|  0%| F|  |TAMS 0x0000000713200000| PB 0x0000000713200000| Untracked 
|  53|0x0000000713400000, 0x0000000713400000, 0x0000000713600000|  0%| F|  |TAMS 0x0000000713400000| PB 0x0000000713400000| Untracked 
|  54|0x0000000713600000, 0x0000000713600000, 0x0000000713800000|  0%| F|  |TAMS 0x0000000713600000| PB 0x0000000713600000| Untracked 
|  55|0x0000000713800000, 0x0000000713800000, 0x0000000713a00000|  0%| F|  |TAMS 0x0000000713800000| PB 0x0000000713800000| Untracked 
|  56|0x0000000713a00000, 0x0000000713a00000, 0x0000000713c00000|  0%| F|  |TAMS 0x0000000713a00000| PB 0x0000000713a00000| Untracked 
|  57|0x0000000713c00000, 0x0000000713c00000, 0x0000000713e00000|  0%| F|  |TAMS 0x0000000713c00000| PB 0x0000000713c00000| Untracked 
|  58|0x0000000713e00000, 0x0000000713e00000, 0x0000000714000000|  0%| F|  |TAMS 0x0000000713e00000| PB 0x0000000713e00000| Untracked 
|  59|0x0000000714000000, 0x0000000714000000, 0x0000000714200000|  0%| F|  |TAMS 0x0000000714000000| PB 0x0000000714000000| Untracked 
|  60|0x0000000714200000, 0x0000000714200000, 0x0000000714400000|  0%| F|  |TAMS 0x0000000714200000| PB 0x0000000714200000| Untracked 
|  61|0x0000000714400000, 0x0000000714400000, 0x0000000714600000|  0%| F|  |TAMS 0x0000000714400000| PB 0x0000000714400000| Untracked 
|  62|0x0000000714600000, 0x0000000714600000, 0x0000000714800000|  0%| F|  |TAMS 0x0000000714600000| PB 0x0000000714600000| Untracked 
|  63|0x0000000714800000, 0x0000000714800000, 0x0000000714a00000|  0%| F|  |TAMS 0x0000000714800000| PB 0x0000000714800000| Untracked 
|  64|0x0000000714a00000, 0x0000000714a00000, 0x0000000714c00000|  0%| F|  |TAMS 0x0000000714a00000| PB 0x0000000714a00000| Untracked 
|  65|0x0000000714c00000, 0x0000000714c00000, 0x0000000714e00000|  0%| F|  |TAMS 0x0000000714c00000| PB 0x0000000714c00000| Untracked 
|  66|0x0000000714e00000, 0x0000000714e00000, 0x0000000715000000|  0%| F|  |TAMS 0x0000000714e00000| PB 0x0000000714e00000| Untracked 
|  67|0x0000000715000000, 0x0000000715000000, 0x0000000715200000|  0%| F|  |TAMS 0x0000000715000000| PB 0x0000000715000000| Untracked 
|  68|0x0000000715200000, 0x0000000715200000, 0x0000000715400000|  0%| F|  |TAMS 0x0000000715200000| PB 0x0000000715200000| Untracked 
|  69|0x0000000715400000, 0x0000000715400000, 0x0000000715600000|  0%| F|  |TAMS 0x0000000715400000| PB 0x0000000715400000| Untracked 
|  70|0x0000000715600000, 0x0000000715600000, 0x0000000715800000|  0%| F|  |TAMS 0x0000000715600000| PB 0x0000000715600000| Untracked 
|  71|0x0000000715800000, 0x0000000715800000, 0x0000000715a00000|  0%| F|  |TAMS 0x0000000715800000| PB 0x0000000715800000| Untracked 
|  72|0x0000000715a00000, 0x0000000715a00000, 0x0000000715c00000|  0%| F|  |TAMS 0x0000000715a00000| PB 0x0000000715a00000| Untracked 
|  73|0x0000000715c00000, 0x0000000715c00000, 0x0000000715e00000|  0%| F|  |TAMS 0x0000000715c00000| PB 0x0000000715c00000| Untracked 
|  74|0x0000000715e00000, 0x0000000715e00000, 0x0000000716000000|  0%| F|  |TAMS 0x0000000715e00000| PB 0x0000000715e00000| Untracked 
|  75|0x0000000716000000, 0x0000000716000000, 0x0000000716200000|  0%| F|  |TAMS 0x0000000716000000| PB 0x0000000716000000| Untracked 
|  76|0x0000000716200000, 0x0000000716200000, 0x0000000716400000|  0%| F|  |TAMS 0x0000000716200000| PB 0x0000000716200000| Untracked 
|  77|0x0000000716400000, 0x0000000716400000, 0x0000000716600000|  0%| F|  |TAMS 0x0000000716400000| PB 0x0000000716400000| Untracked 
|  78|0x0000000716600000, 0x0000000716600000, 0x0000000716800000|  0%| F|  |TAMS 0x0000000716600000| PB 0x0000000716600000| Untracked 
|  79|0x0000000716800000, 0x0000000716800000, 0x0000000716a00000|  0%| F|  |TAMS 0x0000000716800000| PB 0x0000000716800000| Untracked 
|  80|0x0000000716a00000, 0x0000000716a00000, 0x0000000716c00000|  0%| F|  |TAMS 0x0000000716a00000| PB 0x0000000716a00000| Untracked 
|  81|0x0000000716c00000, 0x0000000716c00000, 0x0000000716e00000|  0%| F|  |TAMS 0x0000000716c00000| PB 0x0000000716c00000| Untracked 
|  82|0x0000000716e00000, 0x0000000716e00000, 0x0000000717000000|  0%| F|  |TAMS 0x0000000716e00000| PB 0x0000000716e00000| Untracked 
|  83|0x0000000717000000, 0x0000000717000000, 0x0000000717200000|  0%| F|  |TAMS 0x0000000717000000| PB 0x0000000717000000| Untracked 
|  84|0x0000000717200000, 0x0000000717200000, 0x0000000717400000|  0%| F|  |TAMS 0x0000000717200000| PB 0x0000000717200000| Untracked 
|  85|0x0000000717400000, 0x0000000717400000, 0x0000000717600000|  0%| F|  |TAMS 0x0000000717400000| PB 0x0000000717400000| Untracked 
|  86|0x0000000717600000, 0x0000000717600000, 0x0000000717800000|  0%| F|  |TAMS 0x0000000717600000| PB 0x0000000717600000| Untracked 
|  87|0x0000000717800000, 0x0000000717800000, 0x0000000717a00000|  0%| F|  |TAMS 0x0000000717800000| PB 0x0000000717800000| Untracked 
|  88|0x0000000717a00000, 0x0000000717a00000, 0x0000000717c00000|  0%| F|  |TAMS 0x0000000717a00000| PB 0x0000000717a00000| Untracked 
|  89|0x0000000717c00000, 0x0000000717c00000, 0x0000000717e00000|  0%| F|  |TAMS 0x0000000717c00000| PB 0x0000000717c00000| Untracked 
|  90|0x0000000717e00000, 0x0000000717e00000, 0x0000000718000000|  0%| F|  |TAMS 0x0000000717e00000| PB 0x0000000717e00000| Untracked 
|  91|0x0000000718000000, 0x0000000718000000, 0x0000000718200000|  0%| F|  |TAMS 0x0000000718000000| PB 0x0000000718000000| Untracked 
|  92|0x0000000718200000, 0x0000000718200000, 0x0000000718400000|  0%| F|  |TAMS 0x0000000718200000| PB 0x0000000718200000| Untracked 
|  93|0x0000000718400000, 0x0000000718400000, 0x0000000718600000|  0%| F|  |TAMS 0x0000000718400000| PB 0x0000000718400000| Untracked 
|  94|0x0000000718600000, 0x0000000718600000, 0x0000000718800000|  0%| F|  |TAMS 0x0000000718600000| PB 0x0000000718600000| Untracked 
|  95|0x0000000718800000, 0x0000000718800000, 0x0000000718a00000|  0%| F|  |TAMS 0x0000000718800000| PB 0x0000000718800000| Untracked 
|  96|0x0000000718a00000, 0x0000000718a00000, 0x0000000718c00000|  0%| F|  |TAMS 0x0000000718a00000| PB 0x0000000718a00000| Untracked 
|  97|0x0000000718c00000, 0x0000000718c00000, 0x0000000718e00000|  0%| F|  |TAMS 0x0000000718c00000| PB 0x0000000718c00000| Untracked 
|  98|0x0000000718e00000, 0x0000000718e00000, 0x0000000719000000|  0%| F|  |TAMS 0x0000000718e00000| PB 0x0000000718e00000| Untracked 
|  99|0x0000000719000000, 0x0000000719000000, 0x0000000719200000|  0%| F|  |TAMS 0x0000000719000000| PB 0x0000000719000000| Untracked 
| 100|0x0000000719200000, 0x0000000719200000, 0x0000000719400000|  0%| F|  |TAMS 0x0000000719200000| PB 0x0000000719200000| Untracked 
| 101|0x0000000719400000, 0x0000000719400000, 0x0000000719600000|  0%| F|  |TAMS 0x0000000719400000| PB 0x0000000719400000| Untracked 
| 102|0x0000000719600000, 0x0000000719600000, 0x0000000719800000|  0%| F|  |TAMS 0x0000000719600000| PB 0x0000000719600000| Untracked 
| 103|0x0000000719800000, 0x0000000719800000, 0x0000000719a00000|  0%| F|  |TAMS 0x0000000719800000| PB 0x0000000719800000| Untracked 
| 104|0x0000000719a00000, 0x0000000719a00000, 0x0000000719c00000|  0%| F|  |TAMS 0x0000000719a00000| PB 0x0000000719a00000| Untracked 
| 105|0x0000000719c00000, 0x0000000719c00000, 0x0000000719e00000|  0%| F|  |TAMS 0x0000000719c00000| PB 0x0000000719c00000| Untracked 
| 106|0x0000000719e00000, 0x0000000719e00000, 0x000000071a000000|  0%| F|  |TAMS 0x0000000719e00000| PB 0x0000000719e00000| Untracked 
| 107|0x000000071a000000, 0x000000071a000000, 0x000000071a200000|  0%| F|  |TAMS 0x000000071a000000| PB 0x000000071a000000| Untracked 
| 108|0x000000071a200000, 0x000000071a200000, 0x000000071a400000|  0%| F|  |TAMS 0x000000071a200000| PB 0x000000071a200000| Untracked 
| 109|0x000000071a400000, 0x000000071a56a0b8, 0x000000071a600000| 70%| S|CS|TAMS 0x000000071a400000| PB 0x000000071a400000| Complete 
| 110|0x000000071a600000, 0x000000071a800000, 0x000000071a800000|100%| S|CS|TAMS 0x000000071a600000| PB 0x000000071a600000| Complete 
| 111|0x000000071a800000, 0x000000071a800000, 0x000000071aa00000|  0%| F|  |TAMS 0x000000071a800000| PB 0x000000071a800000| Untracked 
| 112|0x000000071aa00000, 0x000000071aa00000, 0x000000071ac00000|  0%| F|  |TAMS 0x000000071aa00000| PB 0x000000071aa00000| Untracked 
| 113|0x000000071ac00000, 0x000000071ac00000, 0x000000071ae00000|  0%| F|  |TAMS 0x000000071ac00000| PB 0x000000071ac00000| Untracked 
| 114|0x000000071ae00000, 0x000000071ae00000, 0x000000071b000000|  0%| F|  |TAMS 0x000000071ae00000| PB 0x000000071ae00000| Untracked 
| 115|0x000000071b000000, 0x000000071b000000, 0x000000071b200000|  0%| F|  |TAMS 0x000000071b000000| PB 0x000000071b000000| Untracked 
| 116|0x000000071b200000, 0x000000071b200000, 0x000000071b400000|  0%| F|  |TAMS 0x000000071b200000| PB 0x000000071b200000| Untracked 
| 117|0x000000071b400000, 0x000000071b400000, 0x000000071b600000|  0%| F|  |TAMS 0x000000071b400000| PB 0x000000071b400000| Untracked 
| 118|0x000000071b600000, 0x000000071b6971f8, 0x000000071b800000| 29%| E|  |TAMS 0x000000071b600000| PB 0x000000071b600000| Complete 
| 119|0x000000071b800000, 0x000000071ba00000, 0x000000071ba00000|100%| E|CS|TAMS 0x000000071b800000| PB 0x000000071b800000| Complete 
| 120|0x000000071ba00000, 0x000000071bc00000, 0x000000071bc00000|100%| E|CS|TAMS 0x000000071ba00000| PB 0x000000071ba00000| Complete 
| 121|0x000000071bc00000, 0x000000071be00000, 0x000000071be00000|100%| E|  |TAMS 0x000000071bc00000| PB 0x000000071bc00000| Complete 

Card table byte_map: [0x0000024da71e0000,0x0000024da7980000] _byte_map_base: 0x0000024da397b000

Marking Bits: (CMBitMap*) 0x0000024d8d19a5c0
 Bits: [0x0000024da7980000, 0x0000024dab658000)

Polling page: 0x0000024d8cff0000

Metaspace:

Usage:
  Non-class:     11.01 MB used.
      Class:      1.47 MB used.
       Both:     12.48 MB used.

Virtual space:
  Non-class space:       64.00 MB reserved,      11.12 MB ( 17%) committed,  1 nodes.
      Class space:        1.00 GB reserved,       1.56 MB ( <1%) committed,  1 nodes.
             Both:        1.06 GB reserved,      12.69 MB (  1%) committed. 

Chunk freelists:
   Non-Class:  4.86 MB
       Class:  14.25 MB
        Both:  19.11 MB

MaxMetaspaceSize: unlimited
CompressedClassSpaceSize: 1.00 GB
Initial GC threshold: 21.00 MB
Current GC threshold: 21.00 MB
CDS: on
 - commit_granule_bytes: 65536.
 - commit_granule_words: 8192.
 - virtual_space_node_default_size: 8388608.
 - enlarge_chunks_in_place: 1.
 - use_allocation_guard: 0.


Internal statistics:

num_allocs_failed_limit: 0.
num_arena_births: 190.
num_arena_deaths: 0.
num_vsnodes_births: 2.
num_vsnodes_deaths: 0.
num_space_committed: 203.
num_space_uncommitted: 0.
num_chunks_returned_to_freelist: 0.
num_chunks_taken_from_freelist: 271.
num_chunk_merges: 0.
num_chunk_splits: 164.
num_chunks_enlarged: 84.
num_inconsistent_stats: 0.

CodeHeap 'non-profiled nmethods': size=120000Kb used=582Kb max_used=582Kb free=119418Kb
 bounds [0x0000024d9e880000, 0x0000024d9eaf0000, 0x0000024da5db0000]
CodeHeap 'profiled nmethods': size=120000Kb used=3036Kb max_used=3036Kb free=116963Kb
 bounds [0x0000024d96db0000, 0x0000024d970b0000, 0x0000024d9e2e0000]
CodeHeap 'non-nmethods': size=5760Kb used=1653Kb max_used=1687Kb free=4106Kb
 bounds [0x0000024d9e2e0000, 0x0000024d9e550000, 0x0000024d9e880000]
 total_blobs=2464 nmethods=1761 adapters=607
 compilation: enabled
              stopped_count=0, restarted_count=0
 full_count=0

Compilation events (20 events):
Event: 1.009 Thread 0x0000024dae367580 1719  s    3       sun.awt.SunToolkit::getSunAwtDisableMixing (32 bytes)
Event: 1.010 Thread 0x0000024dae367580 nmethod 1719 0x0000024d9709cb10 code [0x0000024d9709cd80, 0x0000024d9709d7a8]
Event: 1.010 Thread 0x0000024dae367580 1723       1       javax.swing.JScrollBar::getModel (5 bytes)
Event: 1.010 Thread 0x0000024dae367580 nmethod 1723 0x0000024d9e902810 code [0x0000024d9e9029a0, 0x0000024d9e902a70]
Event: 1.010 Thread 0x0000024dae367580 1724       1       javax.swing.JRootPane::getDefaultButton (5 bytes)
Event: 1.011 Thread 0x0000024dae367580 nmethod 1724 0x0000024d9e902b10 code [0x0000024d9e902ca0, 0x0000024d9e902d70]
Event: 1.011 Thread 0x0000024dae367580 1706       3       javax.swing.text.GlyphView$GlyphPainter::getPainter (2 bytes)
Event: 1.011 Thread 0x0000024dae367580 nmethod 1706 0x0000024d9709db10 code [0x0000024d9709dca0, 0x0000024d9709ddb0]
Event: 1.011 Thread 0x0000024dae367580 1713   !   3       java.awt.Insets::clone (15 bytes)
Event: 1.011 Thread 0x0000024dae367580 nmethod 1713 0x0000024d9709de90 code [0x0000024d9709e060, 0x0000024d9709e2a0]
Event: 1.011 Thread 0x0000024dae367580 1727       3       net.miginfocom.layout.BoundSize::isUnset (41 bytes)
Event: 1.011 Thread 0x0000024dae367580 nmethod 1727 0x0000024d9709e410 code [0x0000024d9709e5c0, 0x0000024d9709e838]
Event: 1.011 Thread 0x0000024dae367580 1726       1       javax.swing.text.BoxView::getAxis (5 bytes)
Event: 1.011 Thread 0x0000024dae367580 nmethod 1726 0x0000024d9e902e10 code [0x0000024d9e902fa0, 0x0000024d9e903068]
Event: 1.011 Thread 0x0000024dae367580 1714       1       net.miginfocom.layout.LC::isTopToBottom (5 bytes)
Event: 1.012 Thread 0x0000024dae367580 nmethod 1714 0x0000024d9e903110 code [0x0000024d9e9032a0, 0x0000024d9e903370]
Event: 1.012 Thread 0x0000024dae367580 1728       1       java.lang.Float::floatValue (5 bytes)
Event: 1.012 Thread 0x0000024dae367580 nmethod 1728 0x0000024d9e903410 code [0x0000024d9e9035a0, 0x0000024d9e903668]
Event: 1.016 Thread 0x0000024dae367580 1731       3       javax.swing.JComponent::getHeight (5 bytes)
Event: 1.016 Thread 0x0000024dae367580 nmethod 1731 0x0000024d9709e910 code [0x0000024d9709eaa0, 0x0000024d9709ebc8]

GC Heap History (2 events):
Event: 0.693 GC heap before
{Heap before GC invocations=0 (full 0):
 garbage-first heap   total 249856K, used 34816K [0x000000070ca00000, 0x0000000800000000)
  region size 2048K, 11 young (22528K), 0 survivors (0K)
 Metaspace       used 9182K, committed 9408K, reserved 1114112K
  class space    used 1087K, committed 1216K, reserved 1048576K
}
Event: 0.702 GC heap after
{Heap after GC invocations=1 (full 0):
 garbage-first heap   total 249856K, used 15784K [0x000000070ca00000, 0x0000000800000000)
  region size 2048K, 2 young (4096K), 2 survivors (4096K)
 Metaspace       used 9182K, committed 9408K, reserved 1114112K
  class space    used 1087K, committed 1216K, reserved 1048576K
}

Dll operation events (11 events):
Event: 0.010 Loaded shared library C:\Program Files\Java\jdk-21\bin\java.dll
Event: 0.058 Loaded shared library C:\Program Files\Java\jdk-21\bin\jsvml.dll
Event: 0.089 Loaded shared library C:\Program Files\Java\jdk-21\bin\net.dll
Event: 0.091 Loaded shared library C:\Program Files\Java\jdk-21\bin\nio.dll
Event: 0.110 Loaded shared library C:\Program Files\Java\jdk-21\bin\zip.dll
Event: 0.124 Loaded shared library C:\Program Files\Java\jdk-21\bin\jimage.dll
Event: 0.139 Loaded shared library C:\Program Files\Java\jdk-21\bin\awt.dll
Event: 0.259 Loaded shared library C:\Program Files\Java\jdk-21\bin\freetype.dll
Event: 0.259 Loaded shared library C:\Program Files\Java\jdk-21\bin\fontmanager.dll
Event: 0.532 Loaded shared library C:\Program Files\Java\jdk-21\bin\verify.dll
Event: 0.631 Loaded shared library C:\Program Files\Java\jdk-21\bin\javajpeg.dll

Deoptimization events (20 events):
Event: 0.927 Thread 0x0000024dae7d5850 Uncommon trap: trap_request=0xffffff45 fr.pc=0x0000024d9e8b69e4 relative=0x00000000000002a4
Event: 0.927 Thread 0x0000024dae7d5850 Uncommon trap: reason=unstable_if action=reinterpret pc=0x0000024d9e8b69e4 method=java.util.regex.Pattern$BmpCharPropertyGreedy.match(Ljava/util/regex/Matcher;ILjava/lang/CharSequence;)Z @ 12 c2
Event: 0.927 Thread 0x0000024dae7d5850 DEOPT PACKING pc=0x0000024d9e8b69e4 sp=0x000000c26f3fbeb0
Event: 0.927 Thread 0x0000024dae7d5850 DEOPT UNPACKING pc=0x0000024d9e3346a2 sp=0x000000c26f3fbe48 mode 2
Event: 0.943 Thread 0x0000024dae7d5850 Uncommon trap: trap_request=0xffffffbe fr.pc=0x0000024d9e8fad2c relative=0x00000000000011cc
Event: 0.943 Thread 0x0000024dae7d5850 Uncommon trap: reason=profile_predicate action=maybe_recompile pc=0x0000024d9e8fad2c method=javax.swing.GroupLayout$Group.calculateSize(II)I @ 71 c2
Event: 0.943 Thread 0x0000024dae7d5850 DEOPT PACKING pc=0x0000024d9e8fad2c sp=0x000000c26f3fccf0
Event: 0.943 Thread 0x0000024dae7d5850 DEOPT UNPACKING pc=0x0000024d9e3346a2 sp=0x000000c26f3fcc98 mode 2
Event: 0.944 Thread 0x0000024dae7d5850 Uncommon trap: trap_request=0xffffffbe fr.pc=0x0000024d9e8fad2c relative=0x00000000000011cc
Event: 0.944 Thread 0x0000024dae7d5850 Uncommon trap: reason=profile_predicate action=maybe_recompile pc=0x0000024d9e8fad2c method=javax.swing.GroupLayout$Group.calculateSize(II)I @ 71 c2
Event: 0.944 Thread 0x0000024dae7d5850 DEOPT PACKING pc=0x0000024d9e8fad2c sp=0x000000c26f3fccf0
Event: 0.944 Thread 0x0000024dae7d5850 DEOPT UNPACKING pc=0x0000024d9e3346a2 sp=0x000000c26f3fcc98 mode 2
Event: 0.944 Thread 0x0000024dae7d5850 Uncommon trap: trap_request=0xffffffbe fr.pc=0x0000024d9e8fad2c relative=0x00000000000011cc
Event: 0.944 Thread 0x0000024dae7d5850 Uncommon trap: reason=profile_predicate action=maybe_recompile pc=0x0000024d9e8fad2c method=javax.swing.GroupLayout$Group.calculateSize(II)I @ 71 c2
Event: 0.944 Thread 0x0000024dae7d5850 DEOPT PACKING pc=0x0000024d9e8fad2c sp=0x000000c26f3fce40
Event: 0.944 Thread 0x0000024dae7d5850 DEOPT UNPACKING pc=0x0000024d9e3346a2 sp=0x000000c26f3fcde8 mode 2
Event: 0.944 Thread 0x0000024dae7d5850 Uncommon trap: trap_request=0xffffffbe fr.pc=0x0000024d9e8fad2c relative=0x00000000000011cc
Event: 0.944 Thread 0x0000024dae7d5850 Uncommon trap: reason=profile_predicate action=maybe_recompile pc=0x0000024d9e8fad2c method=javax.swing.GroupLayout$Group.calculateSize(II)I @ 71 c2
Event: 0.944 Thread 0x0000024dae7d5850 DEOPT PACKING pc=0x0000024d9e8fad2c sp=0x000000c26f3fce40
Event: 0.944 Thread 0x0000024dae7d5850 DEOPT UNPACKING pc=0x0000024d9e3346a2 sp=0x000000c26f3fcde8 mode 2

Classes loaded (20 events):
Event: 1.001 Loading class javax/swing/RepaintManager$2$1
Event: 1.001 Loading class javax/swing/RepaintManager$2$1 done
Event: 1.002 Loading class javax/swing/RepaintManager$4
Event: 1.002 Loading class javax/swing/RepaintManager$4 done
Event: 1.002 Loading class sun/java2d/d3d/D3DSurfaceData$1Status
Event: 1.002 Loading class sun/java2d/d3d/D3DSurfaceData$1Status done
Event: 1.002 Loading class sun/java2d/d3d/D3DSurfaceData$1
Event: 1.002 Loading class sun/java2d/d3d/D3DSurfaceData$1 done
Event: 1.016 Loading class java/awt/geom/Rectangle2D$Double
Event: 1.016 Loading class java/awt/geom/Rectangle2D$Double done
Event: 1.016 Loading class java/awt/GraphicsCallback$PaintCallback
Event: 1.016 Loading class java/awt/GraphicsCallback
Event: 1.016 Loading class sun/awt/SunGraphicsCallback
Event: 1.016 Loading class sun/awt/SunGraphicsCallback done
Event: 1.016 Loading class java/awt/GraphicsCallback done
Event: 1.016 Loading class java/awt/GraphicsCallback$PaintCallback done
Event: 1.016 Loading class sun/print/PrinterGraphicsConfig
Event: 1.016 Loading class sun/print/PrinterGraphicsConfig done
Event: 1.016 Loading class sun/java2d/d3d/D3DVolatileSurfaceManager
Event: 1.016 Loading class sun/java2d/d3d/D3DVolatileSurfaceManager done

Classes unloaded (0 events):
No events

Classes redefined (0 events):
No events

Internal exceptions (20 events):
Event: 0.296 Thread 0x0000024d8d02ada0 Exception <a 'java/lang/ClassNotFoundException'{0x000000071b64c678}: RootPane> (0x000000071b64c678) 
thrown [s\open\src\hotspot\share\classfile\systemDictionary.cpp, line 312]
Event: 0.297 Thread 0x0000024d8d02ada0 Exception <a 'java/lang/ClassNotFoundException'{0x000000071b64f3a0}: com/sun/swing/internal/plaf/metal/resources/spi/metalProvider> (0x000000071b64f3a0) 
thrown [s\open\src\hotspot\share\classfile\systemDictionary.cpp, line 312]
Event: 0.298 Thread 0x0000024d8d02ada0 Exception <a 'java/lang/ClassNotFoundException'{0x000000071b653050}: com/sun/swing/internal/plaf/basic/resources/spi/basicProvider> (0x000000071b653050) 
thrown [s\open\src\hotspot\share\classfile\systemDictionary.cpp, line 312]
Event: 0.429 Thread 0x0000024dae7d5850 Exception <a 'java/lang/ClassNotFoundException'{0x000000071b6f6cb8}: com/sun/swing/internal/plaf/synth/resources/spi/synthProvider> (0x000000071b6f6cb8) 
thrown [s\open\src\hotspot\share\classfile\systemDictionary.cpp, line 312]
Event: 0.449 Thread 0x0000024dae7d5850 Exception <a 'java/lang/NoSuchMethodError'{0x000000071b739ce8}: 'int java.lang.invoke.Invokers$Holder.invokeExact_MT(java.lang.Object, java.lang.Object)'> (0x000000071b739ce8) 
thrown [s\open\src\hotspot\share\interpreter\linkResolver.cpp, line 773]
Event: 0.453 Thread 0x0000024dae7d5850 Exception <a 'java/lang/NoSuchMethodError'{0x000000071b7406f8}: 'java.lang.Object java.lang.invoke.DirectMethodHandle$Holder.newInvokeSpecial(java.lang.Object, java.lang.Object, int)'> (0x000000071b7406f8) 
thrown [s\open\src\hotspot\share\interpreter\linkResolver.cpp, line 773]
Event: 0.453 Thread 0x0000024dae7d5850 Exception <a 'java/lang/NoSuchMethodError'{0x000000071b7455a8}: 'int java.lang.invoke.DirectMethodHandle$Holder.invokeSpecial(java.lang.Object, java.lang.Object, java.lang.Object, int)'> (0x000000071b7455a8) 
thrown [s\open\src\hotspot\share\interpreter\linkResolver.cpp, line 773]
Event: 0.455 Thread 0x0000024dae7d5850 Exception <a 'java/lang/NoSuchMethodError'{0x000000071b7c8900}: 'java.lang.Object java.lang.invoke.DirectMethodHandle$Holder.invokeStatic(java.lang.Object, java.lang.Object, java.lang.Object, java.lang.Object, int)'> (0x000000071b7c8900) 
thrown [s\open\src\hotspot\share\interpreter\linkResolver.cpp, line 773]
Event: 0.456 Thread 0x0000024dae7d5850 Exception <a 'java/lang/NoSuchMethodError'{0x000000071b7d4050}: 'int java.lang.invoke.DirectMethodHandle$Holder.invokeSpecial(java.lang.Object, java.lang.Object, java.lang.Object)'> (0x000000071b7d4050) 
thrown [s\open\src\hotspot\share\interpreter\linkResolver.cpp, line 773]
Event: 0.522 Thread 0x0000024dfe6f2680 Exception <a 'java/lang/NoSuchMethodError'{0x000000071b5a41a8}: 'java.lang.Object java.lang.invoke.DirectMethodHandle$Holder.newInvokeSpecial(java.lang.Object, java.lang.Object, java.lang.Object, int, int, int, int, int)'> (0x000000071b5a41a8) 
thrown [s\open\src\hotspot\share\interpreter\linkResolver.cpp, line 773]
Event: 0.539 Thread 0x0000024dae7d5850 Exception <a 'java/lang/ClassNotFoundException'{0x000000071b5f0850}: java/lang/ObjectCustomizer> (0x000000071b5f0850) 
thrown [s\open\src\hotspot\share\classfile\systemDictionary.cpp, line 312]
Event: 0.543 Thread 0x0000024dae7d5850 Exception <a 'java/lang/NoSuchMethodError'{0x000000071b5f7728}: 'java.lang.Object java.lang.invoke.DirectMethodHandle$Holder.invokeInterface(java.lang.Object, java.lang.Object)'> (0x000000071b5f7728) 
thrown [s\open\src\hotspot\share\interpreter\linkResolver.cpp, line 773]
Event: 0.543 Thread 0x0000024dae7d5850 Exception <a 'java/lang/IncompatibleClassChangeError'{0x000000071b5faca8}: Found class java.lang.Object, but interface was expected> (0x000000071b5faca8) 
thrown [s\open\src\hotspot\share\interpreter\linkResolver.cpp, line 840]
Event: 0.556 Thread 0x0000024dae7d5850 Exception <a 'java/lang/ClassNotFoundException'{0x000000071b23b698}: net/miginfocom/layout/UnitValueCustomizer> (0x000000071b23b698) 
thrown [s\open\src\hotspot\share\classfile\systemDictionary.cpp, line 312]
Event: 0.558 Thread 0x0000024dae7d5850 Exception <a 'java/lang/ClassNotFoundException'{0x000000071b24cec8}: java/lang/ObjectCustomizer> (0x000000071b24cec8) 
thrown [s\open\src\hotspot\share\classfile\systemDictionary.cpp, line 312]
Event: 0.559 Thread 0x0000024dae7d5850 Exception <a 'java/lang/ClassNotFoundException'{0x000000071b2520b0}: net/miginfocom/layout/BoundSizeCustomizer> (0x000000071b2520b0) 
thrown [s\open\src\hotspot\share\classfile\systemDictionary.cpp, line 312]
Event: 0.805 Thread 0x0000024dae7d5850 Exception <a 'java/lang/NoSuchMethodError'{0x000000071bb94490}: 'void java.lang.invoke.DirectMethodHandle$Holder.invokeStaticInit(java.lang.Object)'> (0x000000071bb94490) 
thrown [s\open\src\hotspot\share\interpreter\linkResolver.cpp, line 773]
Event: 0.876 Thread 0x0000024dae7d5850 Exception <a 'java/lang/NoSuchMethodError'{0x000000071b885fa0}: 'int java.lang.invoke.DirectMethodHandle$Holder.invokeVirtual(java.lang.Object, java.lang.Object)'> (0x000000071b885fa0) 
thrown [s\open\src\hotspot\share\interpreter\linkResolver.cpp, line 773]
Event: 0.882 Thread 0x0000024dae7d5850 Implicit null exception at 0x0000024d9e8b8982 to 0x0000024d9e8b8ad4
Event: 0.886 Thread 0x0000024dae7d2bc0 Exception <a 'java/lang/NoSuchMethodError'{0x000000071bbaaa60}: 'void java.lang.invoke.DirectMethodHandle$Holder.invokeVirtual(java.lang.Object, java.lang.Object)'> (0x000000071bbaaa60) 
thrown [s\open\src\hotspot\share\interpreter\linkResolver.cpp, line 773]

ZGC Phase Switch (0 events):
No events

VM Operations (20 events):
Event: 0.095 Executing VM operation: HandshakeAllThreads (Deoptimize)
Event: 0.095 Executing VM operation: HandshakeAllThreads (Deoptimize) done
Event: 0.463 Executing VM operation: HandshakeAllThreads (Deoptimize)
Event: 0.463 Executing VM operation: HandshakeAllThreads (Deoptimize) done
Event: 0.509 Executing VM operation: HandshakeAllThreads (Deoptimize)
Event: 0.509 Executing VM operation: HandshakeAllThreads (Deoptimize) done
Event: 0.606 Executing VM operation: HandshakeAllThreads (Deoptimize)
Event: 0.606 Executing VM operation: HandshakeAllThreads (Deoptimize) done
Event: 0.693 Executing VM operation: G1CollectForAllocation (G1 Evacuation Pause)
Event: 0.702 Executing VM operation: G1CollectForAllocation (G1 Evacuation Pause) done
Event: 0.722 Executing VM operation: HandshakeAllThreads (Deoptimize)
Event: 0.722 Executing VM operation: HandshakeAllThreads (Deoptimize) done
Event: 0.786 Executing VM operation: HandshakeAllThreads (Deoptimize)
Event: 0.786 Executing VM operation: HandshakeAllThreads (Deoptimize) done
Event: 0.839 Executing VM operation: HandshakeAllThreads (Deoptimize)
Event: 0.839 Executing VM operation: HandshakeAllThreads (Deoptimize) done
Event: 0.936 Executing VM operation: ICBufferFull
Event: 0.937 Executing VM operation: ICBufferFull done
Event: 0.961 Executing VM operation: HandshakeAllThreads (Deoptimize)
Event: 0.961 Executing VM operation: HandshakeAllThreads (Deoptimize) done

Events (20 events):
Event: 0.055 Thread 0x0000024dae32bf10 Thread added: 0x0000024dae32bf10
Event: 0.055 Thread 0x0000024dae32c970 Thread added: 0x0000024dae32c970
Event: 0.056 Thread 0x0000024dae3318f0 Thread added: 0x0000024dae3318f0
Event: 0.056 Thread 0x0000024dae332480 Thread added: 0x0000024dae332480
Event: 0.056 Thread 0x0000024dae33b780 Thread added: 0x0000024dae33b780
Event: 0.056 Thread 0x0000024dae361b20 Thread added: 0x0000024dae361b20
Event: 0.056 Thread 0x0000024dae364ad0 Thread added: 0x0000024dae364ad0
Event: 0.057 Thread 0x0000024dae367580 Thread added: 0x0000024dae367580
Event: 0.078 Thread 0x0000024dae591570 Thread added: 0x0000024dae591570
Event: 0.106 Thread 0x0000024dae633cd0 Thread added: 0x0000024dae633cd0
Event: 0.195 Thread 0x0000024dae6f8210 Thread added: 0x0000024dae6f8210
Event: 0.197 Thread 0x0000024dae7cda90 Thread added: 0x0000024dae7cda90
Event: 0.198 Thread 0x0000024dae7d2bc0 Thread added: 0x0000024dae7d2bc0
Event: 0.308 Thread 0x0000024dae7d5850 Thread added: 0x0000024dae7d5850
Event: 0.309 Thread 0x0000024d8d02ada0 Thread exited: 0x0000024d8d02ada0
Event: 0.309 Thread 0x0000024d8d02ada0 Thread added: 0x0000024d8d02ada0
Event: 0.468 Thread 0x0000024dfe6f2680 Thread added: 0x0000024dfe6f2680
Event: 0.497 Thread 0x0000024dfe3d3a30 Thread added: 0x0000024dfe3d3a30
Event: 0.594 Thread 0x0000024dfe768300 Thread added: 0x0000024dfe768300
Event: 0.993 Thread 0x0000024dfe878210 Thread added: 0x0000024dfe878210


Dynamic libraries:
0x00007ff7a2c40000 - 0x00007ff7a2c50000 	C:\Program Files\Java\jdk-21\bin\java.exe
0x00007ff9a5810000 - 0x00007ff9a5a27000 	C:\windows\SYSTEM32\ntdll.dll
0x00007ff9a4d40000 - 0x00007ff9a4e04000 	C:\windows\System32\KERNEL32.DLL
0x00007ff9a3020000 - 0x00007ff9a33c7000 	C:\windows\System32\KERNELBASE.dll
0x00007ff9a2c40000 - 0x00007ff9a2d51000 	C:\windows\System32\ucrtbase.dll
0x00007ff99df50000 - 0x00007ff99df6b000 	C:\Program Files\Java\jdk-21\bin\VCRUNTIME140.dll
0x00007ff972ca0000 - 0x00007ff972cb9000 	C:\Program Files\Java\jdk-21\bin\jli.dll
0x00007ff9a4ac0000 - 0x00007ff9a4b72000 	C:\windows\System32\ADVAPI32.dll
0x00007ff9a38d0000 - 0x00007ff9a3977000 	C:\windows\System32\msvcrt.dll
0x00007ff9a4c00000 - 0x00007ff9a4ca8000 	C:\windows\System32\sechost.dll
0x00007ff9a2d60000 - 0x00007ff9a2d88000 	C:\windows\System32\bcrypt.dll
0x00007ff9a51c0000 - 0x00007ff9a52d5000 	C:\windows\System32\RPCRT4.dll
0x00007ff9a3b30000 - 0x00007ff9a3cde000 	C:\windows\System32\USER32.dll
0x00007ff9a2e10000 - 0x00007ff9a2e36000 	C:\windows\System32\win32u.dll
0x00007ff991990000 - 0x00007ff991c23000 	C:\windows\WinSxS\amd64_microsoft.windows.common-controls_6595b64144ccf1df_6.0.22621.3527_none_270e469b73872a76\COMCTL32.dll
0x00007ff9a3540000 - 0x00007ff9a3569000 	C:\windows\System32\GDI32.dll
0x00007ff9a2e40000 - 0x00007ff9a2f59000 	C:\windows\System32\gdi32full.dll
0x00007ff9a2b30000 - 0x00007ff9a2bca000 	C:\windows\System32\msvcp_win.dll
0x00007ff99a5f0000 - 0x00007ff99a5fa000 	C:\windows\SYSTEM32\VERSION.dll
0x00007ff9a4980000 - 0x00007ff9a49b1000 	C:\windows\System32\IMM32.DLL
0x00007ff99dfc0000 - 0x00007ff99dfcc000 	C:\Program Files\Java\jdk-21\bin\vcruntime140_1.dll
0x00007ff957c00000 - 0x00007ff957c8e000 	C:\Program Files\Java\jdk-21\bin\msvcp140.dll
0x00007ff929ff0000 - 0x00007ff92ad05000 	C:\Program Files\Java\jdk-21\bin\server\jvm.dll
0x00007ff9a3680000 - 0x00007ff9a36f1000 	C:\windows\System32\WS2_32.dll
0x00007ff9a29f0000 - 0x00007ff9a2a3d000 	C:\windows\SYSTEM32\POWRPROF.dll
0x00007ff99b580000 - 0x00007ff99b5b4000 	C:\windows\SYSTEM32\WINMM.dll
0x00007ff9a29d0000 - 0x00007ff9a29e3000 	C:\windows\SYSTEM32\UMPDC.dll
0x00007ff9a1ab0000 - 0x00007ff9a1ac8000 	C:\windows\SYSTEM32\kernel.appcore.dll
0x00007ff992560000 - 0x00007ff99256a000 	C:\Program Files\Java\jdk-21\bin\jimage.dll
0x00007ff9987c0000 - 0x00007ff9989f2000 	C:\windows\SYSTEM32\DBGHELP.DLL
0x00007ff9a4e10000 - 0x00007ff9a5198000 	C:\windows\System32\combase.dll
0x00007ff9a37f0000 - 0x00007ff9a38c7000 	C:\windows\System32\OLEAUT32.dll
0x00007ff976ce0000 - 0x00007ff976d12000 	C:\windows\SYSTEM32\dbgcore.DLL
0x00007ff9a2d90000 - 0x00007ff9a2e09000 	C:\windows\System32\bcryptPrimitives.dll
0x00007ff987b90000 - 0x00007ff987baf000 	C:\Program Files\Java\jdk-21\bin\java.dll
0x00007ff9a3de0000 - 0x00007ff9a463c000 	C:\windows\System32\SHELL32.dll
0x00007ff9a0a20000 - 0x00007ff9a1316000 	C:\windows\SYSTEM32\windows.storage.dll
0x00007ff9a08e0000 - 0x00007ff9a0a1e000 	C:\windows\SYSTEM32\wintypes.dll
0x00007ff9a3ce0000 - 0x00007ff9a3dd5000 	C:\windows\System32\SHCORE.dll
0x00007ff9a3620000 - 0x00007ff9a367e000 	C:\windows\System32\shlwapi.dll
0x00007ff9a2a60000 - 0x00007ff9a2a81000 	C:\windows\SYSTEM32\profapi.dll
0x00007ff955c60000 - 0x00007ff955d37000 	C:\Program Files\Java\jdk-21\bin\jsvml.dll
0x00007ff987b80000 - 0x00007ff987b90000 	C:\Program Files\Java\jdk-21\bin\net.dll
0x00007ff99d420000 - 0x00007ff99d556000 	C:\windows\SYSTEM32\WINHTTP.dll
0x00007ff9a1f70000 - 0x00007ff9a1fd9000 	C:\windows\system32\mswsock.dll
0x00007ff987040000 - 0x00007ff987056000 	C:\Program Files\Java\jdk-21\bin\nio.dll
0x00007ff986fc0000 - 0x00007ff986fd8000 	C:\Program Files\Java\jdk-21\bin\zip.dll
0x00007ff955150000 - 0x00007ff9552df000 	C:\Program Files\Java\jdk-21\bin\awt.dll
0x00007ff99fe50000 - 0x00007ff99fee7000 	C:\windows\SYSTEM32\apphelp.dll
0x00007ff99ffe0000 - 0x00007ff9a008b000 	C:\windows\system32\uxtheme.dll
0x00007ff9a4820000 - 0x00007ff9a4973000 	C:\windows\System32\MSCTF.dll
0x00007ff9a3980000 - 0x00007ff9a3b25000 	C:\windows\System32\ole32.dll
0x00007ff9a0280000 - 0x00007ff9a02ab000 	C:\windows\system32\DWMAPI.DLL
0x00007ff955bd0000 - 0x00007ff955c57000 	C:\Program Files\Java\jdk-21\bin\freetype.dll
0x00007ff9542d0000 - 0x00007ff9543a3000 	C:\Program Files\Java\jdk-21\bin\fontmanager.dll
0x00007ff955050000 - 0x00007ff955150000 	C:\windows\system32\opengl32.dll
0x00007ff981b30000 - 0x00007ff981b5d000 	C:\windows\SYSTEM32\GLU32.dll
0x00007ff9a0120000 - 0x00007ff9a0159000 	C:\windows\SYSTEM32\dxcore.dll
0x00007ff9750b0000 - 0x00007ff975259000 	C:\windows\system32\d3d9.dll
0x00007ff997820000 - 0x00007ff9979db000 	C:\windows\System32\DriverStore\FileRepository\u0399626.inf_amd64_0e6bbb1478868f71\B399559\aticfx64.dll
0x00007ff927430000 - 0x00007ff929fec000 	C:\windows\System32\DriverStore\FileRepository\u0399626.inf_amd64_0e6bbb1478868f71\B399559\amdxn64.dll
0x00007ff9a5330000 - 0x00007ff9a57a4000 	C:\windows\System32\SETUPAPI.dll
0x00007ff9a0160000 - 0x00007ff9a0257000 	C:\windows\SYSTEM32\dxgi.dll
0x00007ff998470000 - 0x00007ff9984a5000 	C:\windows\SYSTEM32\amdihk64.dll
0x00007ff99c3f0000 - 0x00007ff99c43a000 	C:\windows\SYSTEM32\directxdatabasehelper.dll
0x00007ff986fb0000 - 0x00007ff986fc0000 	C:\Program Files\Java\jdk-21\bin\verify.dll
0x00007ff972c70000 - 0x00007ff972c9e000 	C:\Program Files\Java\jdk-21\bin\javajpeg.dll
0x00007ff9a3570000 - 0x00007ff9a3620000 	C:\windows\System32\clbcatq.dll
0x00007ff99e850000 - 0x00007ff99ea00000 	C:\windows\SYSTEM32\WindowsCodecs.dll
0x00007ff97a030000 - 0x00007ff97a08e000 	C:\windows\system32\dataexchange.dll
0x00007ff998090000 - 0x00007ff99831b000 	C:\windows\system32\twinapi.appcore.dll
0x00007ff983360000 - 0x00007ff9834ab000 	C:\windows\SYSTEM32\textinputframework.dll

dbghelp: loaded successfully - version: 4.0.5 - missing functions: none
symbol engine: initialized successfully - sym options: 0x614 - pdb path: .;C:\Program Files\Java\jdk-21\bin;C:\windows\SYSTEM32;C:\windows\WinSxS\amd64_microsoft.windows.common-controls_6595b64144ccf1df_6.0.22621.3527_none_270e469b73872a76;C:\Program Files\Java\jdk-21\bin\server;C:\windows\System32\DriverStore\FileRepository\u0399626.inf_amd64_0e6bbb1478868f71\B399559

VM Arguments:
jvm_args: -Dfile.encoding=UTF-8 --module-path=C:\Users\HP\Documents\NetBeansProjects\ChatApp\build\classes 
java_command: com.main.Main
java_class_path (initial): C:\Users\HP\Documents\NetBeansProjects\ChatApp\lib\miglayout-4.0.jar;C:\Users\HP\Documents\NetBeansProjects\ChatApp\build\classes
Launcher Type: SUN_STANDARD

[Global flags]
     intx CICompilerCount                          = 4                                         {product} {ergonomic}
     uint ConcGCThreads                            = 3                                         {product} {ergonomic}
     uint G1ConcRefinementThreads                  = 10                                        {product} {ergonomic}
   size_t G1HeapRegionSize                         = 2097152                                   {product} {ergonomic}
    uintx GCDrainStackTargetSize                   = 64                                        {product} {ergonomic}
   size_t InitialHeapSize                          = 255852544                                 {product} {ergonomic}
   size_t MarkStackSize                            = 4194304                                   {product} {ergonomic}
   size_t MaxHeapSize                              = 4083154944                                {product} {ergonomic}
   size_t MaxNewSize                               = 2449473536                                {product} {ergonomic}
   size_t MinHeapDeltaBytes                        = 2097152                                   {product} {ergonomic}
   size_t MinHeapSize                              = 8388608                                   {product} {ergonomic}
    uintx NonNMethodCodeHeapSize                   = 5839372                                {pd product} {ergonomic}
    uintx NonProfiledCodeHeapSize                  = 122909434                              {pd product} {ergonomic}
    uintx ProfiledCodeHeapSize                     = 122909434                              {pd product} {ergonomic}
    uintx ReservedCodeCacheSize                    = 251658240                              {pd product} {ergonomic}
     bool SegmentedCodeCache                       = true                                      {product} {ergonomic}
   size_t SoftMaxHeapSize                          = 4083154944                             {manageable} {ergonomic}
     bool UseCompressedOops                        = true                           {product lp64_product} {ergonomic}
     bool UseG1GC                                  = true                                      {product} {ergonomic}
     bool UseLargePagesIndividualAllocation        = false                                  {pd product} {ergonomic}

Logging:
Log output configuration:
 #0: stdout all=warning uptime,level,tags foldmultilines=false
 #1: stderr all=off uptime,level,tags foldmultilines=false

Environment Variables:
PATH=C:\Program Files\Microsoft MPI\Bin\;C:\Program Files\Common Files\Oracle\Java\javapath;C:\Program Files (x86)\Common Files\Oracle\Java\javapath;C:\Program Files (x86)\VMware\VMware Workstation\bin\;C:\windows\system32;C:\windows;C:\windows\System32\Wbem;C:\windows\System32\WindowsPowerShell\v1.0\;C:\windows\System32\OpenSSH\;C:\Program Files (x86)\NVIDIA Corporation\PhysX\Common;C:\Program Files\NVIDIA Corporation\NVIDIA NvDLISR;C:\Users\Administrator\AppData\Local\Microsoft\WindowsApps;C:\Program Files\HP\OMEN-Broadcast\Common;C:\Program Files\Git\cmd;C:\MinGW\bin;C:\Program Files\dotnet\;C:\Program Files (x86)\Microsoft SQL Server\160\Tools\Binn\;C:\Program Files\Microsoft SQL Server\160\Tools\Binn\;C:\Program Files\Microsoft SQL Server\Client SDK\ODBC\170\Tools\Binn\;C:\Program Files\Microsoft SQL Server\160\DTS\Binn\;C:\Program Files (x86)\Microsoft SQL Server\160\DTS\Binn\;C:\Program Files\Azure Data Studio\bin;C:\Program Files\CMake\bin;C:\Program Files\MySQL\MySQL Server 8.0\bin;C:\Program Files\nodejs\;C:\Program Files (x86)\Vim\vim90;C:\Program Files\VSCodium\bin;C:\msys64\mingw64\bin;C:\Program Files\Adobe\Adobe Illustrator 2020\Support Files\Contents\Windows;;C:\Program Files\HP\HP One Agent;C:\Program Files (x86)\Windows Kits\10\Windows Performance Toolkit\;C:\Program Files\MySQL\MySQL Shell 8.0\bin\;C:\Users\HP\.cargo\bin;C:\Users\HP\AppData\Local\Programs\Python\Launcher\;C:\Users\HP\AppData\Local\Microsoft\WindowsApps;C:\Users\HP\AppData\Local\Programs\Microsoft VS Code\bin;D:\NeoVim\bin;C:\Program Files\Azure Data Studio\bin;C:\Users\HP\AppData\Roaming\npm;C:\raylib\w64devkit\bin;C:\Program Files\Adobe\Adobe Illustrator 2020\Support Files\Contents\Windows;;C:\Program Files\IntelliJ IDEA 2023.3.5\bin;
USERNAME=HP
OS=Windows_NT
PROCESSOR_IDENTIFIER=AMD64 Family 25 Model 68 Stepping 1, AuthenticAMD
TMP=C:\Users\HP\AppData\Local\Temp
TEMP=C:\Users\HP\AppData\Local\Temp




Periodic native trim disabled

---------------  S Y S T E M  ---------------

OS:
 Windows 11 , 64 bit Build 22621 (10.0.22621.3527)
OS uptime: 2 days 2:08 hours
Hyper-V role detected

CPU: total 12 (initial active 12) (12 cores per cpu, 2 threads per core) family 25 model 68 stepping 1 microcode 0x0, cx8, cmov, fxsr, ht, mmx, 3dnowpref, sse, sse2, sse3, ssse3, sse4a, sse4.1, sse4.2, popcnt, lzcnt, tsc, tscinvbit, avx, avx2, aes, erms, clmul, bmi1, bmi2, adx, sha, fma, vzeroupper, clflush, clflushopt, hv, rdtscp, rdpid, fsrm, f16c, cet_ss
Processor Information for processor 0
  Max Mhz: 3301, Current Mhz: 3301, Mhz Limit: 3301
Processor Information for processor 1
  Max Mhz: 3301, Current Mhz: 2024, Mhz Limit: 3301
Processor Information for processor 2
  Max Mhz: 3301, Current Mhz: 2024, Mhz Limit: 3301
Processor Information for processor 3
  Max Mhz: 3301, Current Mhz: 3301, Mhz Limit: 3301
Processor Information for processor 4
  Max Mhz: 3301, Current Mhz: 3301, Mhz Limit: 3301
Processor Information for processor 5
  Max Mhz: 3301, Current Mhz: 2024, Mhz Limit: 3301
Processor Information for processor 6
  Max Mhz: 3301, Current Mhz: 2024, Mhz Limit: 3301
Processor Information for processor 7
  Max Mhz: 3301, Current Mhz: 2024, Mhz Limit: 3301
Processor Information for processor 8
  Max Mhz: 3301, Current Mhz: 2024, Mhz Limit: 3301
Processor Information for processor 9
  Max Mhz: 3301, Current Mhz: 3301, Mhz Limit: 3301
Processor Information for processor 10
  Max Mhz: 3301, Current Mhz: 2024, Mhz Limit: 3301
Processor Information for processor 11
  Max Mhz: 3301, Current Mhz: 2024, Mhz Limit: 3301

Memory: 4k page, system-wide physical 15573M (4214M free)
TotalPageFile size 17621M (AvailPageFile size 4M)
current process WorkingSet (physical memory assigned to process): 152M, peak: 154M
current process commit charge ("private bytes"): 400M, peak: 407M

vm_info: Java HotSpot(TM) 64-Bit Server VM (21.0.1+12-LTS-29) for windows-amd64 JRE (21.0.1+12-LTS-29), built on 2023-10-05T13:27:09Z by "mach5one" with MS VC++ 17.1 (VS2022)

END.
