#
# There is insufficient memory for the Java Runtime Environment to continue.
# Native memory allocation (mmap) failed to map 2097152 bytes for G1 virtual space
# Possible reasons:
#   The system is out of physical RAM or swap space
#   The process is running with CompressedOops enabled, and the Java Heap may be blocking the growth of the native heap
# Possible solutions:
#   Reduce memory load on the system
#   Increase physical memory or swap space
#   Check if swap backing store is full
#   Decrease Java heap size (-Xmx/-Xms)
#   Decrease number of Java threads
#   Decrease Java thread stack sizes (-Xss)
#   Set larger code cache with -XX:ReservedCodeCacheSize=
#   JVM is running with Zero Based Compressed Oops mode in which the Java heap is
#     placed in the first 32GB address space. The Java Heap base address is the
#     maximum limit for the native heap growth. Please use -XX:HeapBaseMinAddress
#     to set the Java Heap base and to place the Java Heap above 32GB virtual address.
# This output file may be truncated or incomplete.
#
#  Out of Memory Error (os_windows.cpp:3600), pid=6852, tid=28776
#
# JRE version: Java(TM) SE Runtime Environment (21.0.1+12) (build 21.0.1+12-LTS-29)
# Java VM: Java HotSpot(TM) 64-Bit Server VM (21.0.1+12-LTS-29, mixed mode, sharing, tiered, compressed oops, compressed class ptrs, g1 gc, windows-amd64)
# No core dump will be written. Minidumps are not enabled by default on client versions of Windows
#

---------------  S U M M A R Y ------------

Command Line: -Dfile.encoding=UTF-8 --module-path=C:\Users\HP\Documents\NetBeansProjects\Server\build\classes com.main.Main

Host: AMD Ryzen 5 7535HS with Radeon Graphics        , 12 cores, 15G,  Windows 11 , 64 bit Build 22621 (10.0.22621.3527)
Time: Mon May 27 21:51:23 2024 SE Asia Standard Time elapsed time: 6.967335 seconds (0d 0h 0m 6s)

---------------  T H R E A D  ---------------

Current thread (0x000001568d2976c0):  JavaThread "nioEventLoopGroup-3-1"        [_thread_in_vm, id=28776, stack(0x0000001f5f500000,0x0000001f5f600000) (1024K)]

Stack: [0x0000001f5f500000,0x0000001f5f600000]
Native frames: (J=compiled Java code, j=interpreted, Vv=VM code, C=native code)
V  [jvm.dll+0x6c9029]
V  [jvm.dll+0x854b81]
V  [jvm.dll+0x856e5e]
V  [jvm.dll+0x857543]
V  [jvm.dll+0x280c06]
V  [jvm.dll+0x6c5715]
V  [jvm.dll+0x6ba10a]
V  [jvm.dll+0x3557ea]
V  [jvm.dll+0x35d436]
V  [jvm.dll+0x3adebb]
V  [jvm.dll+0x3ae554]
V  [jvm.dll+0x3ae0c6]
V  [jvm.dll+0x32962e]
V  [jvm.dll+0x32785f]
V  [jvm.dll+0x65b3d0]
V  [jvm.dll+0x240be2]
V  [jvm.dll+0x819ce7]
V  [jvm.dll+0x3d5ada]
C  0x00000156a708a949

The last pc belongs to newarray (printed below).
Java frames: (J=compiled Java code, j=interpreted, Vv=VM code)
j  io.netty.util.internal.PlatformDependent.allocateUninitializedArray(I)[B+14
j  io.netty.buffer.PoolArena$HeapArena.newByteArray(I)[B+1
j  io.netty.buffer.PoolArena$HeapArena.newChunk(IIII)Lio/netty/buffer/PoolChunk;+7
j  io.netty.buffer.PoolArena.allocateNormal(Lio/netty/buffer/PooledByteBuf;II)V+83
j  io.netty.buffer.PoolArena.allocate(Lio/netty/buffer/PoolThreadCache;Lio/netty/buffer/PooledByteBuf;I)V+217
j  io.netty.buffer.PoolArena.allocate(Lio/netty/buffer/PoolThreadCache;II)Lio/netty/buffer/PooledByteBuf;+12
j  io.netty.buffer.PooledByteBufAllocator.newHeapBuffer(II)Lio/netty/buffer/ByteBuf;+27
j  io.netty.buffer.AbstractByteBufAllocator.heapBuffer(II)Lio/netty/buffer/ByteBuf;+21
j  io.netty.buffer.AbstractByteBufAllocator.heapBuffer(I)Lio/netty/buffer/ByteBuf;+4
j  io.netty.handler.codec.compression.JdkZlibEncoder.allocateBuffer(Lio/netty/channel/ChannelHandlerContext;Lio/netty/buffer/ByteBuf;Z)Lio/netty/buffer/ByteBuf;+90
j  io.netty.handler.codec.compression.JdkZlibEncoder.allocateBuffer(Lio/netty/channel/ChannelHandlerContext;Ljava/lang/Object;Z)Lio/netty/buffer/ByteBuf;+7
j  io.netty.handler.codec.MessageToByteEncoder.write(Lio/netty/channel/ChannelHandlerContext;Ljava/lang/Object;Lio/netty/channel/ChannelPromise;)V+22
j  io.netty.channel.AbstractChannelHandlerContext.invokeWrite0(Ljava/lang/Object;Lio/netty/channel/ChannelPromise;)V+10
j  io.netty.channel.AbstractChannelHandlerContext.invokeWrite(Ljava/lang/Object;Lio/netty/channel/ChannelPromise;)V+10
j  io.netty.channel.AbstractChannelHandlerContext.write(Ljava/lang/Object;ZLio/netty/channel/ChannelPromise;)V+101
j  io.netty.channel.AbstractChannelHandlerContext.write(Ljava/lang/Object;Lio/netty/channel/ChannelPromise;)Lio/netty/channel/ChannelFuture;+4
j  io.netty.channel.AbstractChannelHandlerContext.write(Ljava/lang/Object;)Lio/netty/channel/ChannelFuture;+6
j  io.netty.channel.DefaultChannelPipeline.write(Ljava/lang/Object;)Lio/netty/channel/ChannelFuture;+5
j  io.netty.channel.AbstractChannel.write(Ljava/lang/Object;)Lio/netty/channel/ChannelFuture;+5
j  io.netty.channel.embedded.EmbeddedChannel.writeOutbound([Ljava/lang/Object;)Z+57
j  io.netty.handler.codec.http.HttpContentEncoder.encode(Lio/netty/buffer/ByteBuf;Ljava/util/List;)V+15
j  io.netty.handler.codec.http.HttpContentEncoder.encodeContent(Lio/netty/handler/codec/http/HttpContent;Ljava/util/List;)Z+10
j  io.netty.handler.codec.http.HttpContentEncoder.encode(Lio/netty/channel/ChannelHandlerContext;Lio/netty/handler/codec/http/HttpObject;Ljava/util/List;)V+467
j  io.netty.handler.codec.http.HttpContentEncoder.encode(Lio/netty/channel/ChannelHandlerContext;Ljava/lang/Object;Ljava/util/List;)V+7
j  io.netty.handler.codec.MessageToMessageCodec$1.encode(Lio/netty/channel/ChannelHandlerContext;Ljava/lang/Object;Ljava/util/List;)V+7
j  io.netty.handler.codec.MessageToMessageEncoder.write(Lio/netty/channel/ChannelHandlerContext;Ljava/lang/Object;Lio/netty/channel/ChannelPromise;)V+25
j  io.netty.handler.codec.MessageToMessageCodec.write(Lio/netty/channel/ChannelHandlerContext;Ljava/lang/Object;Lio/netty/channel/ChannelPromise;)V+7
j  io.netty.channel.AbstractChannelHandlerContext.invokeWrite0(Ljava/lang/Object;Lio/netty/channel/ChannelPromise;)V+10
j  io.netty.channel.AbstractChannelHandlerContext.invokeWrite(Ljava/lang/Object;Lio/netty/channel/ChannelPromise;)V+10
j  io.netty.channel.AbstractChannelHandlerContext.write(Ljava/lang/Object;ZLio/netty/channel/ChannelPromise;)V+101
j  io.netty.channel.AbstractChannelHandlerContext.write(Ljava/lang/Object;Lio/netty/channel/ChannelPromise;)Lio/netty/channel/ChannelFuture;+4
j  io.netty.channel.ChannelDuplexHandler.write(Lio/netty/channel/ChannelHandlerContext;Ljava/lang/Object;Lio/netty/channel/ChannelPromise;)V+3
j  io.netty.handler.codec.http.websocketx.extensions.WebSocketServerExtensionHandler.write(Lio/netty/channel/ChannelHandlerContext;Ljava/lang/Object;Lio/netty/channel/ChannelPromise;)V+153
j  io.netty.channel.AbstractChannelHandlerContext.invokeWrite0(Ljava/lang/Object;Lio/netty/channel/ChannelPromise;)V+10
j  io.netty.channel.AbstractChannelHandlerContext.invokeWrite(Ljava/lang/Object;Lio/netty/channel/ChannelPromise;)V+10
j  io.netty.channel.AbstractChannelHandlerContext.write(Ljava/lang/Object;ZLio/netty/channel/ChannelPromise;)V+101
j  io.netty.channel.AbstractChannelHandlerContext.write(Ljava/lang/Object;Lio/netty/channel/ChannelPromise;)Lio/netty/channel/ChannelFuture;+4
j  io.netty.channel.ChannelOutboundHandlerAdapter.write(Lio/netty/channel/ChannelHandlerContext;Ljava/lang/Object;Lio/netty/channel/ChannelPromise;)V+3
j  com.corundumstudio.socketio.handler.EncoderHandler.write(Lio/netty/channel/ChannelHandlerContext;Ljava/lang/Object;Lio/netty/channel/ChannelPromise;)V+11
j  io.netty.channel.AbstractChannelHandlerContext.invokeWrite0(Ljava/lang/Object;Lio/netty/channel/ChannelPromise;)V+10
j  io.netty.channel.AbstractChannelHandlerContext.invokeWrite(Ljava/lang/Object;Lio/netty/channel/ChannelPromise;)V+10
j  io.netty.channel.AbstractChannelHandlerContext.write(Ljava/lang/Object;ZLio/netty/channel/ChannelPromise;)V+101
j  io.netty.channel.AbstractChannelHandlerContext.write(Ljava/lang/Object;Lio/netty/channel/ChannelPromise;)Lio/netty/channel/ChannelFuture;+4
j  io.netty.channel.AbstractChannelHandlerContext.write(Ljava/lang/Object;)Lio/netty/channel/ChannelFuture;+6
j  io.netty.channel.DefaultChannelPipeline.write(Ljava/lang/Object;)Lio/netty/channel/ChannelFuture;+5
j  io.netty.channel.AbstractChannel.write(Ljava/lang/Object;)Lio/netty/channel/ChannelFuture;+5
j  com.corundumstudio.socketio.handler.EncoderHandler.sendMessage(Lcom/corundumstudio/socketio/messages/HttpMessage;Lio/netty/channel/Channel;Lio/netty/buffer/ByteBuf;Lio/netty/handler/codec/http/HttpResponse;Lio/netty/channel/ChannelPromise;)V+84
j  com.corundumstudio.socketio.handler.EncoderHandler.sendMessage(Lcom/corundumstudio/socketio/messages/HttpMessage;Lio/netty/channel/Channel;Lio/netty/buffer/ByteBuf;Ljava/lang/String;Lio/netty/channel/ChannelPromise;Lio/netty/handler/codec/http/HttpResponseStatus;)V+186
j  com.corundumstudio.socketio.handler.EncoderHandler.handleHTTP(Lcom/corundumstudio/socketio/messages/OutPacketMessage;Lio/netty/channel/ChannelHandlerContext;Lio/netty/channel/ChannelPromise;)V+235
j  com.corundumstudio.socketio.handler.EncoderHandler.write(Lio/netty/channel/ChannelHandlerContext;Ljava/lang/Object;Lio/netty/channel/ChannelPromise;)V+67
j  io.netty.channel.AbstractChannelHandlerContext.invokeWrite0(Ljava/lang/Object;Lio/netty/channel/ChannelPromise;)V+10
j  io.netty.channel.AbstractChannelHandlerContext.invokeWriteAndFlush(Ljava/lang/Object;Lio/netty/channel/ChannelPromise;)V+10
j  io.netty.channel.AbstractChannelHandlerContext.write(Ljava/lang/Object;ZLio/netty/channel/ChannelPromise;)V+90
j  io.netty.channel.AbstractChannelHandlerContext.writeAndFlush(Ljava/lang/Object;Lio/netty/channel/ChannelPromise;)Lio/netty/channel/ChannelFuture;+4
j  io.netty.channel.AbstractChannelHandlerContext.writeAndFlush(Ljava/lang/Object;)Lio/netty/channel/ChannelFuture;+6
j  io.netty.channel.DefaultChannelPipeline.writeAndFlush(Ljava/lang/Object;)Lio/netty/channel/ChannelFuture;+5
j  io.netty.channel.AbstractChannel.writeAndFlush(Ljava/lang/Object;)Lio/netty/channel/ChannelFuture;+5
j  com.corundumstudio.socketio.handler.ClientHead.sendPackets(Lcom/corundumstudio/socketio/Transport;Lio/netty/channel/Channel;)Lio/netty/channel/ChannelFuture;+10
j  com.corundumstudio.socketio.handler.ClientHead.bindChannel(Lio/netty/channel/Channel;Lcom/corundumstudio/socketio/Transport;)V+59
j  com.corundumstudio.socketio.transport.PollingTransport.onGet(Ljava/util/UUID;Lio/netty/channel/ChannelHandlerContext;Ljava/lang/String;)V+43
j  com.corundumstudio.socketio.transport.PollingTransport.handleMessage(Lio/netty/handler/codec/http/FullHttpRequest;Ljava/util/UUID;Lio/netty/handler/codec/http/QueryStringDecoder;Lio/netty/channel/ChannelHandlerContext;)V+123
j  com.corundumstudio.socketio.transport.PollingTransport.channelRead(Lio/netty/channel/ChannelHandlerContext;Ljava/lang/Object;)V+421
j  io.netty.channel.AbstractChannelHandlerContext.invokeChannelRead(Ljava/lang/Object;)V+16
j  io.netty.channel.AbstractChannelHandlerContext.invokeChannelRead(Lio/netty/channel/AbstractChannelHandlerContext;Ljava/lang/Object;)V+31
j  io.netty.channel.AbstractChannelHandlerContext.fireChannelRead(Ljava/lang/Object;)Lio/netty/channel/ChannelHandlerContext;+7
j  com.corundumstudio.socketio.handler.AuthorizeHandler.channelRead(Lio/netty/channel/ChannelHandlerContext;Ljava/lang/Object;)V+213
j  io.netty.channel.AbstractChannelHandlerContext.invokeChannelRead(Ljava/lang/Object;)V+16
j  io.netty.channel.AbstractChannelHandlerContext.invokeChannelRead(Lio/netty/channel/AbstractChannelHandlerContext;Ljava/lang/Object;)V+31
j  io.netty.channel.AbstractChannelHandlerContext.fireChannelRead(Ljava/lang/Object;)Lio/netty/channel/ChannelHandlerContext;+7
j  io.netty.channel.SimpleChannelInboundHandler.channelRead(Lio/netty/channel/ChannelHandlerContext;Ljava/lang/Object;)V+27
j  io.netty.channel.AbstractChannelHandlerContext.invokeChannelRead(Ljava/lang/Object;)V+16
j  io.netty.channel.AbstractChannelHandlerContext.invokeChannelRead(Lio/netty/channel/AbstractChannelHandlerContext;Ljava/lang/Object;)V+31
j  io.netty.channel.AbstractChannelHandlerContext.fireChannelRead(Ljava/lang/Object;)Lio/netty/channel/ChannelHandlerContext;+7
j  io.netty.handler.codec.MessageToMessageDecoder.channelRead(Lio/netty/channel/ChannelHandlerContext;Ljava/lang/Object;)V+75
j  io.netty.handler.codec.MessageToMessageCodec.channelRead(Lio/netty/channel/ChannelHandlerContext;Ljava/lang/Object;)V+6
j  io.netty.channel.AbstractChannelHandlerContext.invokeChannelRead(Ljava/lang/Object;)V+16
j  io.netty.channel.AbstractChannelHandlerContext.invokeChannelRead(Lio/netty/channel/AbstractChannelHandlerContext;Ljava/lang/Object;)V+31
j  io.netty.channel.AbstractChannelHandlerContext.fireChannelRead(Ljava/lang/Object;)Lio/netty/channel/ChannelHandlerContext;+7
j  io.netty.handler.codec.MessageToMessageDecoder.channelRead(Lio/netty/channel/ChannelHandlerContext;Ljava/lang/Object;)V+75
j  io.netty.channel.AbstractChannelHandlerContext.invokeChannelRead(Ljava/lang/Object;)V+16
j  io.netty.channel.AbstractChannelHandlerContext.invokeChannelRead(Lio/netty/channel/AbstractChannelHandlerContext;Ljava/lang/Object;)V+31
j  io.netty.channel.AbstractChannelHandlerContext.fireChannelRead(Ljava/lang/Object;)Lio/netty/channel/ChannelHandlerContext;+7
j  io.netty.handler.codec.ByteToMessageDecoder.fireChannelRead(Lio/netty/channel/ChannelHandlerContext;Lio/netty/handler/codec/CodecOutputList;I)V+13
j  io.netty.handler.codec.ByteToMessageDecoder.channelRead(Lio/netty/channel/ChannelHandlerContext;Ljava/lang/Object;)V+172
j  io.netty.channel.AbstractChannelHandlerContext.invokeChannelRead(Ljava/lang/Object;)V+16
j  io.netty.channel.AbstractChannelHandlerContext.invokeChannelRead(Lio/netty/channel/AbstractChannelHandlerContext;Ljava/lang/Object;)V+31
j  io.netty.channel.AbstractChannelHandlerContext.fireChannelRead(Ljava/lang/Object;)Lio/netty/channel/ChannelHandlerContext;+7
j  io.netty.channel.DefaultChannelPipeline$HeadContext.channelRead(Lio/netty/channel/ChannelHandlerContext;Ljava/lang/Object;)V+2
j  io.netty.channel.AbstractChannelHandlerContext.invokeChannelRead(Ljava/lang/Object;)V+16
j  io.netty.channel.AbstractChannelHandlerContext.invokeChannelRead(Lio/netty/channel/AbstractChannelHandlerContext;Ljava/lang/Object;)V+31
j  io.netty.channel.DefaultChannelPipeline.fireChannelRead(Ljava/lang/Object;)Lio/netty/channel/ChannelPipeline;+5
j  io.netty.channel.nio.AbstractNioByteChannel$NioByteUnsafe.read()V+159
j  io.netty.channel.nio.NioEventLoop.processSelectedKey(Ljava/nio/channels/SelectionKey;Lio/netty/channel/nio/AbstractNioChannel;)V+113
j  io.netty.channel.nio.NioEventLoop.processSelectedKeysOptimized()V+51
j  io.netty.channel.nio.NioEventLoop.processSelectedKeys()V+8
j  io.netty.channel.nio.NioEventLoop.run()V+199
j  io.netty.util.concurrent.SingleThreadEventExecutor$4.run()V+44
j  io.netty.util.internal.ThreadExecutorMap$2.run()V+11
j  io.netty.util.concurrent.FastThreadLocalRunnable.run()V+4
j  java.lang.Thread.runWith(Ljava/lang/Object;Ljava/lang/Runnable;)V+5 java.base@21.0.1
j  java.lang.Thread.run()V+19 java.base@21.0.1
v  ~StubRoutines::call_stub 0x00000156a707100d
newarray  188 newarray  [0x00000156a708a8e0, 0x00000156a708a9b8]  216 bytes
[MachCode]
  0x00000156a708a8e0: 8b04 2448 | 83c4 0841 | 0fb6 5501 | e805 0000 | 00e9 ab00 | 0000 4c8b | c048 8d44 | 2408 4c89 
  0x00000156a708a900: 6dc0 498b | cfc5 f877 | 4989 afa8 | 0300 0049 | 8987 9803 | 0000 4883 | ec20 40f6 | c40f 0f84 
  0x00000156a708a920: 1900 0000 | 4883 ec08 | 48b8 b05a | 6a77 f97f | 0000 ffd0 | 4883 c408 | e90c 0000 | 0048 b8b0 
  0x00000156a708a940: 5a6a 77f9 | 7f00 00ff | d048 83c4 | 2049 c787 | 9803 0000 | 0000 0000 | 49c7 87a8 | 0300 0000 
  0x00000156a708a960: 0000 0049 | c787 a003 | 0000 0000 | 0000 c5f8 | 7749 837f | 0800 0f84 | 0500 0000 | e97f 65fe 
  0x00000156a708a980: ff49 8b87 | f003 0000 | 49c7 87f0 | 0300 0000 | 0000 004c | 8b6d c04c | 8b75 c84e | 8d74 f500 
  0x00000156a708a9a0: c341 0fb6 | 5d02 4983 | c502 49ba | 80df f177 | f97f 0000 | 41ff 24da 
[/MachCode]

---------------  P R O C E S S  ---------------

Threads class SMR info:
_java_thread_list=0x000001568d4395e0, length=22, elements={
0x00000156b68f98f0, 0x00000156b68fa610, 0x00000156b69006b0, 0x00000156b69015a0,
0x00000156b6902000, 0x00000156b6902a60, 0x00000156b69122e0, 0x00000156b6915ad0,
0x00000156b68cf0b0, 0x00000156b6c16a30, 0x00000156fc0070a0, 0x00000156fc017b30,
0x00000156fc0185b0, 0x00000156fc1b4520, 0x00000156976e9860, 0x000001568cfd8280,
0x000001568cf8c6c0, 0x000001568cffa3c0, 0x000001568d297030, 0x000001568d2983e0,
0x000001568d2976c0, 0x000001568d298a70
}

Java Threads: ( => current thread )
  0x00000156b68f98f0 JavaThread "Reference Handler"          daemon [_thread_blocked, id=27272, stack(0x0000001f5c600000,0x0000001f5c700000) (1024K)]
  0x00000156b68fa610 JavaThread "Finalizer"                  daemon [_thread_blocked, id=20676, stack(0x0000001f5c700000,0x0000001f5c800000) (1024K)]
  0x00000156b69006b0 JavaThread "Signal Dispatcher"          daemon [_thread_blocked, id=22996, stack(0x0000001f5c800000,0x0000001f5c900000) (1024K)]
  0x00000156b69015a0 JavaThread "Attach Listener"            daemon [_thread_blocked, id=14136, stack(0x0000001f5c900000,0x0000001f5ca00000) (1024K)]
  0x00000156b6902000 JavaThread "Service Thread"             daemon [_thread_blocked, id=29216, stack(0x0000001f5ca00000,0x0000001f5cb00000) (1024K)]
  0x00000156b6902a60 JavaThread "Monitor Deflation Thread"   daemon [_thread_blocked, id=16848, stack(0x0000001f5cb00000,0x0000001f5cc00000) (1024K)]
  0x00000156b69122e0 JavaThread "C2 CompilerThread0"         daemon [_thread_blocked, id=17844, stack(0x0000001f5cc00000,0x0000001f5cd00000) (1024K)]
  0x00000156b6915ad0 JavaThread "C1 CompilerThread0"         daemon [_thread_blocked, id=21524, stack(0x0000001f5cd00000,0x0000001f5ce00000) (1024K)]
  0x00000156b68cf0b0 JavaThread "Common-Cleaner"             daemon [_thread_blocked, id=9660, stack(0x0000001f5ce00000,0x0000001f5cf00000) (1024K)]
  0x00000156b6c16a30 JavaThread "Notification Thread"        daemon [_thread_blocked, id=10728, stack(0x0000001f5cf00000,0x0000001f5d000000) (1024K)]
  0x00000156fc0070a0 JavaThread "Java2D Disposer"            daemon [_thread_blocked, id=25920, stack(0x0000001f5d100000,0x0000001f5d200000) (1024K)]
  0x00000156fc017b30 JavaThread "AWT-Shutdown"                      [_thread_blocked, id=13824, stack(0x0000001f5d200000,0x0000001f5d300000) (1024K)]
  0x00000156fc0185b0 JavaThread "AWT-Windows"                daemon [_thread_in_native, id=18600, stack(0x0000001f5d300000,0x0000001f5d400000) (1024K)]
  0x00000156fc1b4520 JavaThread "AWT-EventQueue-0"                  [_thread_blocked, id=28480, stack(0x0000001f5d400000,0x0000001f5d500000) (1024K)]
  0x00000156976e9860 JavaThread "DestroyJavaVM"                     [_thread_blocked, id=2336, stack(0x0000001f5be00000,0x0000001f5bf00000) (1024K)]
  0x000001568cfd8280 JavaThread "D3D Screen Updater"         daemon [_thread_blocked, id=13020, stack(0x0000001f5e300000,0x0000001f5e400000) (1024K)]
  0x000001568cf8c6c0 JavaThread "Abandoned connection cleanup thread" daemon [_thread_blocked, id=15368, stack(0x0000001f5e400000,0x0000001f5e500000) (1024K)]
  0x000001568cffa3c0 JavaThread "mysql-cj-abandoned-connection-cleanup" daemon [_thread_blocked, id=13192, stack(0x0000001f5e500000,0x0000001f5e600000) (1024K)]
  0x000001568d297030 JavaThread "nioEventLoopGroup-2-1"             [_thread_in_native, id=11944, stack(0x0000001f5f300000,0x0000001f5f400000) (1024K)]
  0x000001568d2983e0 JavaThread "TimerQueue"                 daemon [_thread_blocked, id=8256, stack(0x0000001f5f400000,0x0000001f5f500000) (1024K)]
=>0x000001568d2976c0 JavaThread "nioEventLoopGroup-3-1"             [_thread_in_vm, id=28776, stack(0x0000001f5f500000,0x0000001f5f600000) (1024K)]
  0x000001568d298a70 JavaThread "pool-1-thread-1"                   [_thread_blocked, id=24640, stack(0x0000001f5f600000,0x0000001f5f700000) (1024K)]
Total: 22

Other Threads:
  0x00000156b68e6a70 VMThread "VM Thread"                           [id=3412, stack(0x0000001f5c500000,0x0000001f5c600000) (1024K)]
  0x00000156b68cc1c0 WatcherThread "VM Periodic Task Thread"        [id=26500, stack(0x0000001f5c400000,0x0000001f5c500000) (1024K)]
  0x000001569774bd80 WorkerThread "GC Thread#0"                     [id=17132, stack(0x0000001f5bf00000,0x0000001f5c000000) (1024K)]
  0x000001568d378b80 WorkerThread "GC Thread#1"                     [id=10732, stack(0x0000001f5e800000,0x0000001f5e900000) (1024K)]
  0x000001568d378f20 WorkerThread "GC Thread#2"                     [id=3732, stack(0x0000001f5e900000,0x0000001f5ea00000) (1024K)]
  0x000001568d368860 WorkerThread "GC Thread#3"                     [id=29108, stack(0x0000001f5ea00000,0x0000001f5eb00000) (1024K)]
  0x000001568d368c00 WorkerThread "GC Thread#4"                     [id=28288, stack(0x0000001f5eb00000,0x0000001f5ec00000) (1024K)]
  0x000001568d3227d0 WorkerThread "GC Thread#5"                     [id=10296, stack(0x0000001f5ec00000,0x0000001f5ed00000) (1024K)]
  0x000001568d320e70 WorkerThread "GC Thread#6"                     [id=19920, stack(0x0000001f5ed00000,0x0000001f5ee00000) (1024K)]
  0x000001568d321210 WorkerThread "GC Thread#7"                     [id=23596, stack(0x0000001f5ee00000,0x0000001f5ef00000) (1024K)]
  0x000001568d3215b0 WorkerThread "GC Thread#8"                     [id=23720, stack(0x0000001f5ef00000,0x0000001f5f000000) (1024K)]
  0x000001568d322430 WorkerThread "GC Thread#9"                     [id=27008, stack(0x0000001f5f000000,0x0000001f5f100000) (1024K)]
  0x000001569775c2e0 ConcurrentGCThread "G1 Main Marker"            [id=26208, stack(0x0000001f5c000000,0x0000001f5c100000) (1024K)]
  0x000001569775dd90 WorkerThread "G1 Conc#0"                       [id=28660, stack(0x0000001f5c100000,0x0000001f5c200000) (1024K)]
  0x000001568d322090 WorkerThread "G1 Conc#1"                       [id=15244, stack(0x0000001f5f100000,0x0000001f5f200000) (1024K)]
  0x000001568d321950 WorkerThread "G1 Conc#2"                       [id=26420, stack(0x0000001f5f200000,0x0000001f5f300000) (1024K)]
  0x00000156977aeac0 ConcurrentGCThread "G1 Refine#0"               [id=16744, stack(0x0000001f5c200000,0x0000001f5c300000) (1024K)]
  0x00000156b679bc70 ConcurrentGCThread "G1 Service"                [id=21232, stack(0x0000001f5c300000,0x0000001f5c400000) (1024K)]
Total: 18

Threads with active compile tasks:
Total: 0

VM state: not at safepoint (normal execution)

VM Mutex/Monitor currently owned by a thread:  ([mutex/lock_event])
[0x00007ff977f0a6f8] Heap_lock - owner thread: 0x000001568d2976c0

Heap address: 0x000000070ca00000, size: 3894 MB, Compressed Oops mode: Zero based, Oop shift amount: 3

CDS archive(s) mapped at: [0x00000156b7000000-0x00000156b7c90000-0x00000156b7c90000), size 13172736, SharedBaseAddress: 0x00000156b7000000, ArchiveRelocationMode: 1.
Compressed class space mapped at: 0x00000156b8000000-0x00000156f8000000, reserved size: 1073741824
Narrow klass base: 0x00000156b7000000, Narrow klass shift: 0, Narrow klass range: 0x100000000

GC Precious Log:
 CardTable entry size: 512
 Card Set container configuration: InlinePtr #cards 4 size 8 Array Of Cards #cards 16 size 48 Howl #buckets 8 coarsen threshold 3686 Howl Bitmap #cards 512 size 80 coarsen threshold 460 Card regions per heap region 1 cards per card region 4096
 CPUs: 12 total, 12 available
 Memory: 15573M
 Large Page Support: Disabled
 NUMA Support: Disabled
 Compressed Oops: Enabled (Zero based)
 Heap Region Size: 2M
 Heap Min Capacity: 8M
 Heap Initial Capacity: 244M
 Heap Max Capacity: 3894M
 Pre-touch: Disabled
 Parallel Workers: 10
 Concurrent Workers: 3
 Concurrent Refinement Workers: 10
 Periodic GC: Disabled

Heap:
 garbage-first heap   total 49152K, used 15635K [0x000000070ca00000, 0x0000000800000000)
  region size 2048K, 6 young (12288K), 2 survivors (4096K)
 Metaspace       used 29869K, committed 30080K, reserved 1114112K
  class space    used 3412K, committed 3520K, reserved 1048576K

Heap Regions: E=young(eden), S=young(survivor), O=old, HS=humongous(starts), HC=humongous(continues), CS=collection set, F=free, TAMS=top-at-mark-start, PB=parsable bottom
|   0|0x000000070ca00000, 0x000000070cc00000, 0x000000070cc00000|100%| O|  |TAMS 0x000000070ca00000| PB 0x000000070ca00000| Untracked 
|   1|0x000000070cc00000, 0x000000070ce00000, 0x000000070ce00000|100%| O|  |TAMS 0x000000070cc00000| PB 0x000000070cc00000| Untracked 
|   2|0x000000070ce00000, 0x000000070cf72c20, 0x000000070d000000| 72%| O|Cm|TAMS 0x000000070ce00000| PB 0x000000070ce00000| Complete 
|   3|0x000000070d000000, 0x000000070d000000, 0x000000070d200000|  0%| F|  |TAMS 0x000000070d000000| PB 0x000000070d000000| Untracked 
|   4|0x000000070d200000, 0x000000070d200000, 0x000000070d400000|  0%| F|  |TAMS 0x000000070d200000| PB 0x000000070d200000| Untracked 
|   5|0x000000070d400000, 0x000000070d587c10, 0x000000070d600000| 76%| S|CS|TAMS 0x000000070d400000| PB 0x000000070d400000| Complete 
|   6|0x000000070d600000, 0x000000070d800000, 0x000000070d800000|100%| S|CS|TAMS 0x000000070d600000| PB 0x000000070d600000| Complete 
|   7|0x000000070d800000, 0x000000070d800000, 0x000000070da00000|  0%| F|  |TAMS 0x000000070d800000| PB 0x000000070d800000| Untracked 
|   8|0x000000070da00000, 0x000000070da00000, 0x000000070dc00000|  0%| F|  |TAMS 0x000000070da00000| PB 0x000000070da00000| Untracked 
|   9|0x000000070dc00000, 0x000000070dc00000, 0x000000070de00000|  0%| F|  |TAMS 0x000000070dc00000| PB 0x000000070dc00000| Untracked 
|  10|0x000000070de00000, 0x000000070de00000, 0x000000070e000000|  0%| F|  |TAMS 0x000000070de00000| PB 0x000000070de00000| Untracked 
|  11|0x000000070e000000, 0x000000070e000000, 0x000000070e200000|  0%| F|  |TAMS 0x000000070e000000| PB 0x000000070e000000| Untracked 
|  12|0x000000070e200000, 0x000000070e200000, 0x000000070e400000|  0%| F|  |TAMS 0x000000070e200000| PB 0x000000070e200000| Untracked 
|  13|0x000000070e400000, 0x000000070e44a3e8, 0x000000070e600000| 14%| E|  |TAMS 0x000000070e400000| PB 0x000000070e400000| Complete 
|  14|0x000000070e600000, 0x000000070e800000, 0x000000070e800000|100%| E|CS|TAMS 0x000000070e600000| PB 0x000000070e600000| Complete 
|  15|0x000000070e800000, 0x000000070e800000, 0x000000070ea00000|  0%| F|  |TAMS 0x000000070e800000| PB 0x000000070e800000| Untracked 
|  16|0x000000070ea00000, 0x000000070ea00000, 0x000000070ec00000|  0%| F|  |TAMS 0x000000070ea00000| PB 0x000000070ea00000| Untracked 
|  17|0x000000070ec00000, 0x000000070ec00000, 0x000000070ee00000|  0%| F|  |TAMS 0x000000070ec00000| PB 0x000000070ec00000| Untracked 
|  18|0x000000070ee00000, 0x000000070ee00000, 0x000000070f000000|  0%| F|  |TAMS 0x000000070ee00000| PB 0x000000070ee00000| Untracked 
|  19|0x000000070f000000, 0x000000070f000000, 0x000000070f200000|  0%| F|  |TAMS 0x000000070f000000| PB 0x000000070f000000| Untracked 
|  20|0x000000070f200000, 0x000000070f200000, 0x000000070f400000|  0%| F|  |TAMS 0x000000070f200000| PB 0x000000070f200000| Untracked 
|  21|0x000000070f400000, 0x000000070f400000, 0x000000070f600000|  0%| F|  |TAMS 0x000000070f400000| PB 0x000000070f400000| Untracked 
| 117|0x000000071b400000, 0x000000071b600000, 0x000000071b600000|100%| E|CS|TAMS 0x000000071b400000| PB 0x000000071b400000| Complete 
| 121|0x000000071bc00000, 0x000000071be00000, 0x000000071be00000|100%| E|CS|TAMS 0x000000071bc00000| PB 0x000000071bc00000| Complete 

Card table byte_map: [0x00000156af830000,0x00000156affd0000] _byte_map_base: 0x00000156abfcb000

Marking Bits: (CMBitMap*) 0x000001569774c480
 Bits: [0x00000156affd0000, 0x00000156b3ca8000)

Polling page: 0x0000015696eb0000

Metaspace:

Usage:
  Non-class:     25.84 MB used.
      Class:      3.33 MB used.
       Both:     29.17 MB used.

Virtual space:
  Non-class space:       64.00 MB reserved,      25.94 MB ( 41%) committed,  1 nodes.
      Class space:        1.00 GB reserved,       3.44 MB ( <1%) committed,  1 nodes.
             Both:        1.06 GB reserved,      29.38 MB (  3%) committed. 

Chunk freelists:
   Non-Class:  5.62 MB
       Class:  12.45 MB
        Both:  18.08 MB

MaxMetaspaceSize: unlimited
CompressedClassSpaceSize: 1.00 GB
Initial GC threshold: 21.00 MB
Current GC threshold: 35.12 MB
CDS: on
 - commit_granule_bytes: 65536.
 - commit_granule_words: 8192.
 - virtual_space_node_default_size: 8388608.
 - enlarge_chunks_in_place: 1.
 - use_allocation_guard: 0.


Internal statistics:

num_allocs_failed_limit: 3.
num_arena_births: 274.
num_arena_deaths: 0.
num_vsnodes_births: 2.
num_vsnodes_deaths: 0.
num_space_committed: 470.
num_space_uncommitted: 0.
num_chunks_returned_to_freelist: 3.
num_chunks_taken_from_freelist: 788.
num_chunk_merges: 0.
num_chunk_splits: 582.
num_chunks_enlarged: 445.
num_inconsistent_stats: 0.

CodeHeap 'non-profiled nmethods': size=120000Kb used=828Kb max_used=828Kb free=119171Kb
 bounds [0x00000156a7610000, 0x00000156a7880000, 0x00000156aeb40000]
CodeHeap 'profiled nmethods': size=120000Kb used=4247Kb max_used=4247Kb free=115752Kb
 bounds [0x000001569fb40000, 0x000001569ff70000, 0x00000156a7070000]
CodeHeap 'non-nmethods': size=5760Kb used=1810Kb max_used=1823Kb free=3949Kb
 bounds [0x00000156a7070000, 0x00000156a72e0000, 0x00000156a7610000]
 total_blobs=3111 nmethods=2289 adapters=726
 compilation: enabled
              stopped_count=0, restarted_count=0
 full_count=0

Compilation events (20 events):
Event: 6.945 Thread 0x00000156b6915ad0 2278       3       java.lang.reflect.Method::copy (84 bytes)
Event: 6.946 Thread 0x00000156b6915ad0 nmethod 2278 0x000001569ff62690 code [0x000001569ff62860, 0x000001569ff62cb8]
Event: 6.947 Thread 0x00000156b6915ad0 2280       3       java.lang.invoke.LambdaFormBuffer::indexOf (33 bytes)
Event: 6.947 Thread 0x00000156b6915ad0 nmethod 2280 0x000001569ff62e10 code [0x000001569ff62fe0, 0x000001569ff633a0]
Event: 6.956 Thread 0x00000156b6915ad0 2282       3       java.lang.Class::getMethod (59 bytes)
Event: 6.957 Thread 0x00000156b69122e0 2285       4       jdk.internal.misc.Unsafe::allocateUninitializedArray0 (90 bytes)
Event: 6.957 Thread 0x00000156b6915ad0 nmethod 2282 0x000001569ff63510 code [0x000001569ff637c0, 0x000001569ff64338]
Event: 6.957 Thread 0x00000156b6915ad0 2283       3       java.lang.Class::getMethod0 (31 bytes)
Event: 6.958 Thread 0x00000156b6915ad0 nmethod 2283 0x000001569ff64810 code [0x000001569ff649e0, 0x000001569ff64c18]
Event: 6.958 Thread 0x00000156b6915ad0 2284       1       java.util.Collections$EmptyMap::get (2 bytes)
Event: 6.958 Thread 0x00000156b6915ad0 nmethod 2284 0x00000156a76dea10 code [0x00000156a76deba0, 0x00000156a76dec70]
Event: 6.958 Thread 0x00000156b6915ad0 2286       3       java.lang.reflect.AnnotatedElement::isAnnotationPresent (16 bytes)
Event: 6.958 Thread 0x00000156b6915ad0 nmethod 2286 0x000001569ff64d10 code [0x000001569ff64ec0, 0x000001569ff650f0]
Event: 6.958 Thread 0x00000156b6915ad0 2287       3       java.lang.Class$ReflectionData::<init> (10 bytes)
Event: 6.959 Thread 0x00000156b6915ad0 nmethod 2287 0x000001569ff65190 code [0x000001569ff65340, 0x000001569ff654a8]
Event: 6.959 Thread 0x00000156b6915ad0 2288       3       java.lang.Class$Atomic::casReflectionData (13 bytes)
Event: 6.959 Thread 0x00000156b6915ad0 nmethod 2288 0x000001569ff65590 code [0x000001569ff65720, 0x000001569ff65880]
Event: 6.959 Thread 0x00000156b69122e0 nmethod 2285 0x00000156a76ded10 code [0x00000156a76deea0, 0x00000156a76df070]
Event: 6.961 Thread 0x00000156b6915ad0 2289       3       io.netty.buffer.PooledUnsafeDirectByteBuf::addr (8 bytes)
Event: 6.961 Thread 0x00000156b6915ad0 nmethod 2289 0x000001569ff65910 code [0x000001569ff65aa0, 0x000001569ff65bb8]

GC Heap History (6 events):
Event: 1.004 GC heap before
{Heap before GC invocations=0 (full 0):
 garbage-first heap   total 249856K, used 20480K [0x000000070ca00000, 0x0000000800000000)
  region size 2048K, 11 young (22528K), 0 survivors (0K)
 Metaspace       used 15113K, committed 15424K, reserved 1114112K
  class space    used 1632K, committed 1792K, reserved 1048576K
}
Event: 1.010 GC heap after
{Heap after GC invocations=1 (full 0):
 garbage-first heap   total 249856K, used 5421K [0x000000070ca00000, 0x0000000800000000)
  region size 2048K, 2 young (4096K), 2 survivors (4096K)
 Metaspace       used 15113K, committed 15424K, reserved 1114112K
  class space    used 1632K, committed 1792K, reserved 1048576K
}
Event: 1.315 GC heap before
{Heap before GC invocations=1 (full 0):
 garbage-first heap   total 249856K, used 11565K [0x000000070ca00000, 0x0000000800000000)
  region size 2048K, 6 young (12288K), 2 survivors (4096K)
 Metaspace       used 21294K, committed 21504K, reserved 1114112K
  class space    used 2374K, committed 2496K, reserved 1048576K
}
Event: 1.321 GC heap after
{Heap after GC invocations=2 (full 0):
 garbage-first heap   total 249856K, used 7311K [0x000000070ca00000, 0x0000000800000000)
  region size 2048K, 1 young (2048K), 1 survivors (2048K)
 Metaspace       used 21294K, committed 21504K, reserved 1114112K
  class space    used 2374K, committed 2496K, reserved 1048576K
}
Event: 1.558 GC heap before
{Heap before GC invocations=3 (full 0):
 garbage-first heap   total 34816K, used 25743K [0x000000070ca00000, 0x0000000800000000)
  region size 2048K, 10 young (20480K), 1 survivors (2048K)
 Metaspace       used 27104K, committed 27456K, reserved 1114112K
  class space    used 3075K, committed 3264K, reserved 1048576K
}
Event: 1.560 GC heap after
{Heap after GC invocations=4 (full 0):
 garbage-first heap   total 34816K, used 9194K [0x000000070ca00000, 0x0000000800000000)
  region size 2048K, 2 young (4096K), 2 survivors (4096K)
 Metaspace       used 27104K, committed 27456K, reserved 1114112K
  class space    used 3075K, committed 3264K, reserved 1048576K
}

Dll operation events (14 events):
Event: 0.007 Loaded shared library C:\Program Files\Java\jdk-21\bin\java.dll
Event: 0.035 Loaded shared library C:\Program Files\Java\jdk-21\bin\jsvml.dll
Event: 0.075 Loaded shared library C:\Program Files\Java\jdk-21\bin\net.dll
Event: 0.077 Loaded shared library C:\Program Files\Java\jdk-21\bin\nio.dll
Event: 0.097 Loaded shared library C:\Program Files\Java\jdk-21\bin\zip.dll
Event: 0.126 Loaded shared library C:\Program Files\Java\jdk-21\bin\jimage.dll
Event: 0.140 Loaded shared library C:\Program Files\Java\jdk-21\bin\awt.dll
Event: 0.253 Loaded shared library C:\Program Files\Java\jdk-21\bin\freetype.dll
Event: 0.254 Loaded shared library C:\Program Files\Java\jdk-21\bin\fontmanager.dll
Event: 0.579 Loaded shared library C:\Program Files\Java\jdk-21\bin\verify.dll
Event: 0.757 Loaded shared library C:\Program Files\Java\jdk-21\bin\extnet.dll
Event: 1.114 Loaded shared library C:\Program Files\Java\jdk-21\bin\sunmscapi.dll
Event: 1.311 Loaded shared library C:\Program Files\Java\jdk-21\bin\management.dll
Event: 1.313 Loaded shared library C:\Program Files\Java\jdk-21\bin\management_ext.dll

Deoptimization events (20 events):
Event: 6.938 Thread 0x000001568d2976c0 Uncommon trap: trap_request=0xffffffde fr.pc=0x00000156a76de244 relative=0x0000000000000124
Event: 6.938 Thread 0x000001568d2976c0 Uncommon trap: reason=class_check action=maybe_recompile pc=0x00000156a76de244 method=jdk.internal.misc.Unsafe.allocateUninitializedArray(Ljava/lang/Class;I)Ljava/lang/Object; @ 51 c2
Event: 6.938 Thread 0x000001568d2976c0 DEOPT PACKING pc=0x00000156a76de244 sp=0x0000001f5f5f89b0
Event: 6.938 Thread 0x000001568d2976c0 DEOPT UNPACKING pc=0x00000156a70c46a2 sp=0x0000001f5f5f8928 mode 2
Event: 6.938 Thread 0x000001568d2976c0 Uncommon trap: trap_request=0xffffffde fr.pc=0x00000156a76de244 relative=0x0000000000000124
Event: 6.938 Thread 0x000001568d2976c0 Uncommon trap: reason=class_check action=maybe_recompile pc=0x00000156a76de244 method=jdk.internal.misc.Unsafe.allocateUninitializedArray(Ljava/lang/Class;I)Ljava/lang/Object; @ 51 c2
Event: 6.938 Thread 0x000001568d2976c0 DEOPT PACKING pc=0x00000156a76de244 sp=0x0000001f5f5f8570
Event: 6.938 Thread 0x000001568d2976c0 DEOPT UNPACKING pc=0x00000156a70c46a2 sp=0x0000001f5f5f84e8 mode 2
Event: 6.938 Thread 0x000001568d2976c0 Uncommon trap: trap_request=0xffffffde fr.pc=0x00000156a76de244 relative=0x0000000000000124
Event: 6.938 Thread 0x000001568d2976c0 Uncommon trap: reason=class_check action=maybe_recompile pc=0x00000156a76de244 method=jdk.internal.misc.Unsafe.allocateUninitializedArray(Ljava/lang/Class;I)Ljava/lang/Object; @ 51 c2
Event: 6.938 Thread 0x000001568d2976c0 DEOPT PACKING pc=0x00000156a76de244 sp=0x0000001f5f5f88b0
Event: 6.938 Thread 0x000001568d2976c0 DEOPT UNPACKING pc=0x00000156a70c46a2 sp=0x0000001f5f5f8828 mode 2
Event: 6.938 Thread 0x000001568d2976c0 Uncommon trap: trap_request=0xffffffde fr.pc=0x00000156a76de244 relative=0x0000000000000124
Event: 6.938 Thread 0x000001568d2976c0 Uncommon trap: reason=class_check action=maybe_recompile pc=0x00000156a76de244 method=jdk.internal.misc.Unsafe.allocateUninitializedArray(Ljava/lang/Class;I)Ljava/lang/Object; @ 51 c2
Event: 6.938 Thread 0x000001568d2976c0 DEOPT PACKING pc=0x00000156a76de244 sp=0x0000001f5f5f8470
Event: 6.938 Thread 0x000001568d2976c0 DEOPT UNPACKING pc=0x00000156a70c46a2 sp=0x0000001f5f5f83e8 mode 2
Event: 6.942 Thread 0x000001568d2976c0 Uncommon trap: trap_request=0xffffff45 fr.pc=0x00000156a7642dd8 relative=0x0000000000000178
Event: 6.942 Thread 0x000001568d2976c0 Uncommon trap: reason=unstable_if action=reinterpret pc=0x00000156a7642dd8 method=java.util.HashMap.getNode(Ljava/lang/Object;)Ljava/util/HashMap$Node; @ 131 c2
Event: 6.942 Thread 0x000001568d2976c0 DEOPT PACKING pc=0x00000156a7642dd8 sp=0x0000001f5f5fcda0
Event: 6.942 Thread 0x000001568d2976c0 DEOPT UNPACKING pc=0x00000156a70c46a2 sp=0x0000001f5f5fcd10 mode 2

Classes loaded (20 events):
Event: 6.870 Loading class java/lang/Deprecated
Event: 6.870 Loading class java/lang/Deprecated done
Event: 6.877 Loading class java/util/concurrent/locks/AbstractQueuedSynchronizer$SharedNode
Event: 6.877 Loading class java/util/concurrent/locks/AbstractQueuedSynchronizer$SharedNode done
Event: 6.877 Loading class jdk/internal/event/ThreadSleepEvent
Event: 6.878 Loading class jdk/internal/event/ThreadSleepEvent done
Event: 6.907 Loading class java/util/UUID$Holder
Event: 6.907 Loading class java/util/UUID$Holder done
Event: 6.908 Loading class java/lang/invoke/VarHandleReferences$Array
Event: 6.908 Loading class java/lang/invoke/VarHandleReferences$Array done
Event: 6.911 Loading class java/io/DataOutputStream
Event: 6.911 Loading class java/io/DataOutputStream done
Event: 6.931 Loading class org/w3c/dom/Node
Event: 6.931 Loading class org/w3c/dom/Node done
Event: 6.931 Loading class org/w3c/dom/Document
Event: 6.931 Loading class org/w3c/dom/Document done
Event: 6.954 Loading class java/util/zip/Deflater
Event: 6.954 Loading class java/util/zip/Deflater done
Event: 6.955 Loading class java/util/zip/Deflater$DeflaterZStreamRef
Event: 6.955 Loading class java/util/zip/Deflater$DeflaterZStreamRef done

Classes unloaded (0 events):
No events

Classes redefined (0 events):
No events

Internal exceptions (20 events):
Event: 0.482 Thread 0x00000156fc1b4520 Exception <a 'java/lang/NoSuchMethodError'{0x000000071b4724e8}: 'void java.lang.invoke.DirectMethodHandle$Holder.invokeStaticInit(java.lang.Object)'> (0x000000071b4724e8) 
thrown [s\open\src\hotspot\share\interpreter\linkResolver.cpp, line 773]
Event: 0.596 Thread 0x00000156fc1b4520 Exception <a 'java/lang/NoSuchMethodError'{0x000000071b242d20}: 'void java.lang.invoke.DirectMethodHandle$Holder.invokeStatic(java.lang.Object, java.lang.Object)'> (0x000000071b242d20) 
thrown [s\open\src\hotspot\share\interpreter\linkResolver.cpp, line 773]
Event: 0.613 Thread 0x00000156fc1b4520 Exception <a 'java/lang/NoSuchMethodError'{0x000000071b319c30}: 'java.lang.Object java.lang.invoke.DirectMethodHandle$Holder.invokeInterface(java.lang.Object, java.lang.Object)'> (0x000000071b319c30) 
thrown [s\open\src\hotspot\share\interpreter\linkResolver.cpp, line 773]
Event: 0.659 Thread 0x00000156fc1b4520 Exception <a 'java/lang/NoSuchMethodError'{0x000000071b0aa800}: 'java.lang.Object java.lang.invoke.DirectMethodHandle$Holder.newInvokeSpecial(java.lang.Object, java.lang.Object, int, java.lang.Object, java.lang.Object, java.lang.Object)'> (0x000000071b0aa800) 
thrown [s\open\src\hotspot\share\interpreter\linkResolver.cpp, line 773]
Event: 0.660 Thread 0x00000156fc1b4520 Exception <a 'java/lang/NoSuchMethodError'{0x000000071b0b2050}: 'java.lang.Object java.lang.invoke.DelegatingMethodHandle$Holder.reinvoke_L(java.lang.Object, java.lang.Object, int, java.lang.Object, java.lang.Object, java.lang.Object)'> (0x000000071b0b2050) 
thrown [s\open\src\hotspot\share\interpreter\linkResolver.cpp, line 773]
Event: 0.662 Thread 0x00000156fc1b4520 Exception <a 'java/lang/NoSuchMethodError'{0x000000071b0c4a00}: 'java.lang.Object java.lang.invoke.DirectMethodHandle$Holder.invokeStatic(java.lang.Object, java.lang.Object, int)'> (0x000000071b0c4a00) 
thrown [s\open\src\hotspot\share\interpreter\linkResolver.cpp, line 773]
Event: 0.663 Thread 0x00000156fc1b4520 Exception <a 'java/lang/NoSuchMethodError'{0x000000071b0d20a8}: 'void java.lang.invoke.DelegatingMethodHandle$Holder.delegate(java.lang.Object, java.lang.Object, int, java.lang.Object)'> (0x000000071b0d20a8) 
thrown [s\open\src\hotspot\share\interpreter\linkResolver.cpp, line 773]
Event: 0.874 Thread 0x00000156fc1b4520 Exception <a 'java/lang/NoSuchMethodError'{0x000000071ac6d2c8}: 'java.lang.Object java.lang.invoke.DirectMethodHandle$Holder.newInvokeSpecial(java.lang.Object, java.lang.Object, java.lang.Object, java.lang.Object, java.lang.Object, java.lang.Object)'> (0x000000071ac6d2c8) 
thrown [s\open\src\hotspot\share\interpreter\linkResolver.cpp, line 773]
Event: 0.896 Thread 0x00000156fc1b4520 Exception <a 'java/lang/ClassCastException'{0x000000071acf0600}: class java.math.BigInteger cannot be cast to class java.lang.Long (java.math.BigInteger and java.lang.Long are in module java.base of loader 'bootstrap')> (0x000000071acf0600) 
thrown [s\open\src\hotspot\share\interpreter\interpreterRuntime.cpp, line 455]
Event: 0.896 Thread 0x00000156fc1b4520 Exception <a 'java/lang/NullPointerException'{0x000000071acf3510}> (0x000000071acf3510) 
thrown [s\open\src\hotspot\share\interpreter\linkResolver.cpp, line 1372]
Event: 0.927 Thread 0x00000156fc1b4520 Exception <a 'java/lang/NoSuchMethodError'{0x000000071ade4098}: 'void java.lang.invoke.DirectMethodHandle$Holder.invokeStatic(java.lang.Object, java.lang.Object, java.lang.Object)'> (0x000000071ade4098) 
thrown [s\open\src\hotspot\share\interpreter\linkResolver.cpp, line 773]
Event: 0.927 Thread 0x00000156fc1b4520 Exception <a 'java/lang/NoSuchMethodError'{0x000000071adecd10}: 'java.lang.Object java.lang.invoke.DirectMethodHandle$Holder.invokeVirtual(java.lang.Object, java.lang.Object, java.lang.Object)'> (0x000000071adecd10) 
thrown [s\open\src\hotspot\share\interpreter\linkResolver.cpp, line 773]
Event: 1.024 Thread 0x00000156fc1b4520 Exception <a 'java/lang/NoSuchMethodError'{0x000000071bd36d00}: 'void java.lang.invoke.DirectMethodHandle$Holder.invokeStaticInit(java.lang.Object, java.lang.Object)'> (0x000000071bd36d00) 
thrown [s\open\src\hotspot\share\interpreter\linkResolver.cpp, line 773]
Event: 1.054 Thread 0x00000156fc1b4520 Exception <a 'sun/nio/fs/WindowsException'{0x000000071ba54280}> (0x000000071ba54280) 
thrown [s\open\src\hotspot\share\prims\jni.cpp, line 520]
Event: 1.083 Thread 0x00000156fc1b4520 Exception <a 'java/lang/NoSuchMethodError'{0x000000071bb004b0}: 'java.lang.Object java.lang.invoke.DirectMethodHandle$Holder.invokeStaticInit(java.lang.Object, int, int, int, int)'> (0x000000071bb004b0) 
thrown [s\open\src\hotspot\share\interpreter\linkResolver.cpp, line 773]
Event: 1.096 Thread 0x00000156fc1b4520 Exception <a 'java/lang/NoSuchMethodError'{0x000000071bba2690}: 'java.lang.Object java.lang.invoke.DirectMethodHandle$Holder.invokeStaticInit(java.lang.Object, java.lang.Object, int, int, int, int)'> (0x000000071bba2690) 
thrown [s\open\src\hotspot\share\interpreter\linkResolver.cpp, line 773]
Event: 1.284 Thread 0x00000156fc1b4520 Exception <a 'java/lang/NoClassDefFoundError'{0x000000071b671258}: org/slf4j/impl/StaticLoggerBinder> (0x000000071b671258) 
thrown [s\open\src\hotspot\share\classfile\systemDictionary.cpp, line 301]
Event: 1.292 Thread 0x00000156fc1b4520 Exception <a 'java/lang/NoClassDefFoundError'{0x000000071b6d78f8}: org/apache/logging/log4j/spi/ExtendedLoggerWrapper> (0x000000071b6d78f8) 
thrown [s\open\src\hotspot\share\classfile\systemDictionary.cpp, line 301]
Event: 1.293 Thread 0x00000156fc1b4520 Exception <a 'java/lang/NoClassDefFoundError'{0x000000071b6de850}: org/apache/log4j/Priority> (0x000000071b6de850) 
thrown [s\open\src\hotspot\share\classfile\systemDictionary.cpp, line 301]
Event: 6.946 Thread 0x000001568d2976c0 Exception <a 'java/lang/NoSuchMethodError'{0x000000070e7e49c8}: 'int java.lang.invoke.DirectMethodHandle$Holder.invokeVirtual(java.lang.Object, java.lang.Object)'> (0x000000070e7e49c8) 
thrown [s\open\src\hotspot\share\interpreter\linkResolver.cpp, line 773]

ZGC Phase Switch (0 events):
No events

VM Operations (20 events):
Event: 1.325 Executing VM operation: G1PauseCleanup
Event: 1.325 Executing VM operation: G1PauseCleanup done
Event: 1.384 Executing VM operation: HandshakeAllThreads (Deoptimize)
Event: 1.384 Executing VM operation: HandshakeAllThreads (Deoptimize) done
Event: 1.453 Executing VM operation: HandshakeAllThreads (Deoptimize)
Event: 1.453 Executing VM operation: HandshakeAllThreads (Deoptimize) done
Event: 1.558 Executing VM operation: G1CollectForAllocation (G1 Evacuation Pause)
Event: 1.560 Executing VM operation: G1CollectForAllocation (G1 Evacuation Pause) done
Event: 1.571 Executing VM operation: HandshakeAllThreads (Deoptimize)
Event: 1.571 Executing VM operation: HandshakeAllThreads (Deoptimize) done
Event: 1.581 Executing VM operation: HandshakeAllThreads (Deoptimize)
Event: 1.581 Executing VM operation: HandshakeAllThreads (Deoptimize) done
Event: 2.582 Executing VM operation: Cleanup
Event: 2.582 Executing VM operation: Cleanup done
Event: 6.589 Executing VM operation: Cleanup
Event: 6.589 Executing VM operation: Cleanup done
Event: 6.923 Executing VM operation: HandshakeAllThreads (Deoptimize)
Event: 6.923 Executing VM operation: HandshakeAllThreads (Deoptimize) done
Event: 6.963 Executing VM operation: HandshakeAllThreads (Deoptimize)
Event: 6.963 Executing VM operation: HandshakeAllThreads (Deoptimize) done

Events (20 events):
Event: 0.093 Thread 0x00000156b6c16a30 Thread added: 0x00000156b6c16a30
Event: 0.095 Thread 0x00000156b6c18ef0 Thread added: 0x00000156b6c18ef0
Event: 0.190 Thread 0x00000156fc0070a0 Thread added: 0x00000156fc0070a0
Event: 0.191 Thread 0x00000156fc017b30 Thread added: 0x00000156fc017b30
Event: 0.192 Thread 0x00000156fc0185b0 Thread added: 0x00000156fc0185b0
Event: 0.298 Thread 0x00000156fc1b4520 Thread added: 0x00000156fc1b4520
Event: 0.299 Thread 0x00000156976e9860 Thread exited: 0x00000156976e9860
Event: 0.299 Thread 0x00000156976e9860 Thread added: 0x00000156976e9860
Event: 0.402 Thread 0x00000156b6c18ef0 Thread exited: 0x00000156b6c18ef0
Event: 0.550 Thread 0x000001568cfd8280 Thread added: 0x000001568cfd8280
Event: 0.582 Thread 0x000001568cf8c6c0 Thread added: 0x000001568cf8c6c0
Event: 0.597 Thread 0x000001568cffa3c0 Thread added: 0x000001568cffa3c0
Event: 0.621 Thread 0x000001568d035cd0 Thread added: 0x000001568d035cd0
Event: 0.621 Thread 0x000001568d036790 Thread added: 0x000001568d036790
Event: 1.578 Thread 0x000001568d297030 Thread added: 0x000001568d297030
Event: 1.584 Thread 0x000001568d2983e0 Thread added: 0x000001568d2983e0
Event: 2.369 Thread 0x000001568d036790 Thread exited: 0x000001568d036790
Event: 2.457 Thread 0x000001568d035cd0 Thread exited: 0x000001568d035cd0
Event: 6.845 Thread 0x000001568d2976c0 Thread added: 0x000001568d2976c0
Event: 6.877 Thread 0x000001568d298a70 Thread added: 0x000001568d298a70


Dynamic libraries:
0x00007ff699270000 - 0x00007ff699280000 	C:\Program Files\Java\jdk-21\bin\java.exe
0x00007ff9ec330000 - 0x00007ff9ec547000 	C:\windows\SYSTEM32\ntdll.dll
0x00007ff9eb6f0000 - 0x00007ff9eb7b4000 	C:\windows\System32\KERNEL32.DLL
0x00007ff9e9810000 - 0x00007ff9e9bb7000 	C:\windows\System32\KERNELBASE.dll
0x00007ff9e9da0000 - 0x00007ff9e9eb1000 	C:\windows\System32\ucrtbase.dll
0x00007ff9e3dd0000 - 0x00007ff9e3deb000 	C:\Program Files\Java\jdk-21\bin\VCRUNTIME140.dll
0x00007ff9b1d40000 - 0x00007ff9b1d59000 	C:\Program Files\Java\jdk-21\bin\jli.dll
0x00007ff9ea230000 - 0x00007ff9ea2e2000 	C:\windows\System32\ADVAPI32.dll
0x00007ff9ea180000 - 0x00007ff9ea227000 	C:\windows\System32\msvcrt.dll
0x00007ff9ebf60000 - 0x00007ff9ec008000 	C:\windows\System32\sechost.dll
0x00007ff9e9740000 - 0x00007ff9e9768000 	C:\windows\System32\bcrypt.dll
0x00007ff9ea300000 - 0x00007ff9ea415000 	C:\windows\System32\RPCRT4.dll
0x00007ff9ebd60000 - 0x00007ff9ebf0e000 	C:\windows\System32\USER32.dll
0x00007ff9d0500000 - 0x00007ff9d0793000 	C:\windows\WinSxS\amd64_microsoft.windows.common-controls_6595b64144ccf1df_6.0.22621.3527_none_270e469b73872a76\COMCTL32.dll
0x00007ff9ea030000 - 0x00007ff9ea056000 	C:\windows\System32\win32u.dll
0x00007ff9ec1e0000 - 0x00007ff9ec209000 	C:\windows\System32\GDI32.dll
0x00007ff9e9bc0000 - 0x00007ff9e9cd9000 	C:\windows\System32\gdi32full.dll
0x00007ff9e9770000 - 0x00007ff9e980a000 	C:\windows\System32\msvcp_win.dll
0x00007ff9e05e0000 - 0x00007ff9e05ea000 	C:\windows\SYSTEM32\VERSION.dll
0x00007ff9ea4a0000 - 0x00007ff9ea4d1000 	C:\windows\System32\IMM32.DLL
0x00007ff9e4800000 - 0x00007ff9e480c000 	C:\Program Files\Java\jdk-21\bin\vcruntime140_1.dll
0x00007ff9b18b0000 - 0x00007ff9b193e000 	C:\Program Files\Java\jdk-21\bin\msvcp140.dll
0x00007ff9772d0000 - 0x00007ff977fe5000 	C:\Program Files\Java\jdk-21\bin\server\jvm.dll
0x00007ff9ea420000 - 0x00007ff9ea491000 	C:\windows\System32\WS2_32.dll
0x00007ff9e9510000 - 0x00007ff9e955d000 	C:\windows\SYSTEM32\POWRPROF.dll
0x00007ff9e2140000 - 0x00007ff9e2174000 	C:\windows\SYSTEM32\WINMM.dll
0x00007ff9e94f0000 - 0x00007ff9e9503000 	C:\windows\SYSTEM32\UMPDC.dll
0x00007ff9e85d0000 - 0x00007ff9e85e8000 	C:\windows\SYSTEM32\kernel.appcore.dll
0x00007ff9e2810000 - 0x00007ff9e281a000 	C:\Program Files\Java\jdk-21\bin\jimage.dll
0x00007ff9df690000 - 0x00007ff9df8c2000 	C:\windows\SYSTEM32\DBGHELP.DLL
0x00007ff9ea4e0000 - 0x00007ff9ea868000 	C:\windows\System32\combase.dll
0x00007ff9ec210000 - 0x00007ff9ec2e7000 	C:\windows\System32\OLEAUT32.dll
0x00007ff9c1bd0000 - 0x00007ff9c1c02000 	C:\windows\SYSTEM32\dbgcore.DLL
0x00007ff9e96c0000 - 0x00007ff9e9739000 	C:\windows\System32\bcryptPrimitives.dll
0x00007ff9e2900000 - 0x00007ff9e291f000 	C:\Program Files\Java\jdk-21\bin\java.dll
0x00007ff9ea9b0000 - 0x00007ff9eb20c000 	C:\windows\System32\SHELL32.dll
0x00007ff9e7540000 - 0x00007ff9e7e36000 	C:\windows\SYSTEM32\windows.storage.dll
0x00007ff9e7400000 - 0x00007ff9e753e000 	C:\windows\SYSTEM32\wintypes.dll
0x00007ff9eb7c0000 - 0x00007ff9eb8b5000 	C:\windows\System32\SHCORE.dll
0x00007ff9ebae0000 - 0x00007ff9ebb3e000 	C:\windows\System32\shlwapi.dll
0x00007ff9e9580000 - 0x00007ff9e95a1000 	C:\windows\SYSTEM32\profapi.dll
0x00007ff9ae080000 - 0x00007ff9ae157000 	C:\Program Files\Java\jdk-21\bin\jsvml.dll
0x00007ff9e2780000 - 0x00007ff9e2790000 	C:\Program Files\Java\jdk-21\bin\net.dll
0x00007ff9e3350000 - 0x00007ff9e3486000 	C:\windows\SYSTEM32\WINHTTP.dll
0x00007ff9e8a90000 - 0x00007ff9e8af9000 	C:\windows\system32\mswsock.dll
0x00007ff9e2760000 - 0x00007ff9e2776000 	C:\Program Files\Java\jdk-21\bin\nio.dll
0x00007ff9e25a0000 - 0x00007ff9e25b8000 	C:\Program Files\Java\jdk-21\bin\zip.dll
0x00007ff9adc20000 - 0x00007ff9addaf000 	C:\Program Files\Java\jdk-21\bin\awt.dll
0x00007ff9e6970000 - 0x00007ff9e6a07000 	C:\windows\SYSTEM32\apphelp.dll
0x00007ff9e6b00000 - 0x00007ff9e6bab000 	C:\windows\system32\uxtheme.dll
0x00007ff9ebb50000 - 0x00007ff9ebca3000 	C:\windows\System32\MSCTF.dll
0x00007ff9eb8c0000 - 0x00007ff9eba65000 	C:\windows\System32\ole32.dll
0x00007ff9e6da0000 - 0x00007ff9e6dcb000 	C:\windows\system32\DWMAPI.DLL
0x00007ff9ade50000 - 0x00007ff9aded7000 	C:\Program Files\Java\jdk-21\bin\freetype.dll
0x00007ff9ad6e0000 - 0x00007ff9ad7b3000 	C:\Program Files\Java\jdk-21\bin\fontmanager.dll
0x00007ff9ad9e0000 - 0x00007ff9adae0000 	C:\windows\system32\opengl32.dll
0x00007ff9e04c0000 - 0x00007ff9e04ed000 	C:\windows\SYSTEM32\GLU32.dll
0x00007ff9e6c40000 - 0x00007ff9e6c79000 	C:\windows\SYSTEM32\dxcore.dll
0x00007ff9b3ca0000 - 0x00007ff9b3e49000 	C:\windows\system32\d3d9.dll
0x00007ff9dea20000 - 0x00007ff9debdb000 	C:\windows\System32\DriverStore\FileRepository\u0399626.inf_amd64_0e6bbb1478868f71\B399559\aticfx64.dll
0x00007ff9666b0000 - 0x00007ff96926c000 	C:\windows\System32\DriverStore\FileRepository\u0399626.inf_amd64_0e6bbb1478868f71\B399559\amdxn64.dll
0x00007ff9eb270000 - 0x00007ff9eb6e4000 	C:\windows\System32\SETUPAPI.dll
0x00007ff9e6c80000 - 0x00007ff9e6d77000 	C:\windows\SYSTEM32\dxgi.dll
0x00007ff9db0b0000 - 0x00007ff9db0e5000 	C:\windows\SYSTEM32\amdihk64.dll
0x00007ff9e34d0000 - 0x00007ff9e351a000 	C:\windows\SYSTEM32\directxdatabasehelper.dll
0x00007ff9ebcb0000 - 0x00007ff9ebd60000 	C:\windows\System32\clbcatq.dll
0x00007ff9e4e70000 - 0x00007ff9e5020000 	C:\windows\SYSTEM32\WindowsCodecs.dll
0x00007ff9b6aa0000 - 0x00007ff9b6afe000 	C:\windows\system32\dataexchange.dll
0x00007ff9df290000 - 0x00007ff9df51b000 	C:\windows\system32\twinapi.appcore.dll
0x00007ff9c99c0000 - 0x00007ff9c9b0b000 	C:\windows\SYSTEM32\textinputframework.dll
0x00007ff9e2730000 - 0x00007ff9e2740000 	C:\Program Files\Java\jdk-21\bin\verify.dll
0x00007ff9e8110000 - 0x00007ff9e8208000 	C:\windows\SYSTEM32\DNSAPI.dll
0x00007ff9e80a0000 - 0x00007ff9e80cd000 	C:\windows\SYSTEM32\IPHLPAPI.DLL
0x00007ff9ebb40000 - 0x00007ff9ebb49000 	C:\windows\System32\NSI.dll
0x00007ff9e2970000 - 0x00007ff9e297a000 	C:\Windows\System32\rasadhlp.dll
0x00007ff9e2a30000 - 0x00007ff9e2ab3000 	C:\windows\System32\fwpuclnt.dll
0x00007ff9e2690000 - 0x00007ff9e2697000 	C:\Program Files\Java\jdk-21\bin\extnet.dll
0x00007ff9e8ce0000 - 0x00007ff9e8cfb000 	C:\windows\SYSTEM32\CRYPTSP.dll
0x00007ff9e8590000 - 0x00007ff9e85c5000 	C:\windows\system32\rsaenh.dll
0x00007ff9e8b40000 - 0x00007ff9e8b68000 	C:\windows\SYSTEM32\USERENV.dll
0x00007ff9e8ca0000 - 0x00007ff9e8cac000 	C:\windows\SYSTEM32\CRYPTBASE.dll
0x00007ff9be300000 - 0x00007ff9be30e000 	C:\Program Files\Java\jdk-21\bin\sunmscapi.dll
0x00007ff9e9ec0000 - 0x00007ff9ea028000 	C:\windows\System32\CRYPT32.dll
0x00007ff9e8ee0000 - 0x00007ff9e8f0e000 	C:\windows\SYSTEM32\ncrypt.dll
0x00007ff9e8ea0000 - 0x00007ff9e8ed7000 	C:\windows\SYSTEM32\NTASN1.dll
0x00007ff9e2660000 - 0x00007ff9e266a000 	C:\Program Files\Java\jdk-21\bin\management.dll
0x00007ff9e1400000 - 0x00007ff9e140b000 	C:\Program Files\Java\jdk-21\bin\management_ext.dll
0x00007ff9ec010000 - 0x00007ff9ec018000 	C:\windows\System32\PSAPI.DLL
0x00007ff9e3c10000 - 0x00007ff9e3c18000 	C:\windows\system32\wshunix.dll
0x00007ff9d9ac0000 - 0x00007ff9d9ad7000 	C:\windows\system32\napinsp.dll
0x00007ff9ce4e0000 - 0x00007ff9ce4fb000 	C:\windows\system32\pnrpnsp.dll
0x00007ff9bc480000 - 0x00007ff9bc491000 	C:\windows\System32\winrnr.dll
0x00007ff9bc460000 - 0x00007ff9bc475000 	C:\windows\system32\wshbth.dll
0x00007ff9bc430000 - 0x00007ff9bc457000 	C:\windows\system32\nlansp_c.dll

dbghelp: loaded successfully - version: 4.0.5 - missing functions: none
symbol engine: initialized successfully - sym options: 0x614 - pdb path: .;C:\Program Files\Java\jdk-21\bin;C:\windows\SYSTEM32;C:\windows\WinSxS\amd64_microsoft.windows.common-controls_6595b64144ccf1df_6.0.22621.3527_none_270e469b73872a76;C:\Program Files\Java\jdk-21\bin\server;C:\windows\System32\DriverStore\FileRepository\u0399626.inf_amd64_0e6bbb1478868f71\B399559

VM Arguments:
jvm_args: -Dfile.encoding=UTF-8 --module-path=C:\Users\HP\Documents\NetBeansProjects\Server\build\classes 
java_command: com.main.Main
java_class_path (initial): C:\Users\HP\Documents\NetBeansProjects\ChatApp\lib\mysql-connector-java-5.1.23-bin.jar;C:\Users\HP\Documents\NetBeansProjects\Server\lib\jackson-annotations-2.10.1.jar;C:\Users\HP\Documents\NetBeansProjects\Server\lib\jackson-core-2.10.1.jar;C:\Users\HP\Documents\NetBeansProjects\Server\lib\jackson-databind-2.10.1.jar;C:\Users\HP\Documents\NetBeansProjects\Server\lib\netty-buffer-4.1.44.Final.jar;C:\Users\HP\Documents\NetBeansProjects\Server\lib\netty-codec-4.1.44.Final.jar;C:\Users\HP\Documents\NetBeansProjects\Server\lib\netty-codec-http-4.1.44.Final.jar;C:\Users\HP\Documents\NetBeansProjects\Server\lib\netty-common-4.1.44.Final.jar;C:\Users\HP\Documents\NetBeansProjects\Server\lib\netty-handler-4.1.44.Final.jar;C:\Users\HP\Documents\NetBeansProjects\Server\lib\netty-resolver-4.1.44.Final.jar;C:\Users\HP\Documents\NetBeansProjects\Server\lib\netty-socketio-1.7.18.jar;C:\Users\HP\Documents\NetBeansProjects\Server\lib\netty-transport-4.1.44.Final.jar;C:\Users\HP\Documents\NetBeansProjects\Server\lib\netty-transport-native-epoll-4.1.44.Final.jar;C:\Users\HP\Documents\NetBeansProjects\Server\lib\netty-transport-native-unix-common-4.1.44.Final.jar;C:\Users\HP\Documents\NetBeansProjects\Server\lib\slf4j-api-1.7.21.jar;C:\Users\HP\Documents\NetBeansProjects\Server\lib\PostgreSQLDriver\postgresql-42.5.4.jar;C:\Users\HP\Documents\NetBeansProjects\Server\lib\mysql-connector-java-8.0.28.jar;C:\Users\HP\Documents\NetBeansProjects\Server\lib\absolutelayout\AbsoluteLayout.jar;C:\Users\HP\Documents\NetBeansProjects\Server\build\classes
Launcher Type: SUN_STANDARD

[Global flags]
     intx CICompilerCount                          = 4                                         {product} {ergonomic}
     uint ConcGCThreads                            = 3                                         {product} {ergonomic}
     uint G1ConcRefinementThreads                  = 10                                        {product} {ergonomic}
   size_t G1HeapRegionSize                         = 2097152                                   {product} {ergonomic}
    uintx GCDrainStackTargetSize                   = 64                                        {product} {ergonomic}
   size_t InitialHeapSize                          = 255852544                                 {product} {ergonomic}
   size_t MarkStackSize                            = 4194304                                   {product} {ergonomic}
   size_t MaxHeapSize                              = 4083154944                                {product} {ergonomic}
   size_t MaxNewSize                               = 2449473536                                {product} {ergonomic}
   size_t MinHeapDeltaBytes                        = 2097152                                   {product} {ergonomic}
   size_t MinHeapSize                              = 8388608                                   {product} {ergonomic}
    uintx NonNMethodCodeHeapSize                   = 5839372                                {pd product} {ergonomic}
    uintx NonProfiledCodeHeapSize                  = 122909434                              {pd product} {ergonomic}
    uintx ProfiledCodeHeapSize                     = 122909434                              {pd product} {ergonomic}
    uintx ReservedCodeCacheSize                    = 251658240                              {pd product} {ergonomic}
     bool SegmentedCodeCache                       = true                                      {product} {ergonomic}
   size_t SoftMaxHeapSize                          = 4083154944                             {manageable} {ergonomic}
     bool UseCompressedOops                        = true                           {product lp64_product} {ergonomic}
     bool UseG1GC                                  = true                                      {product} {ergonomic}
     bool UseLargePagesIndividualAllocation        = false                                  {pd product} {ergonomic}

Logging:
Log output configuration:
 #0: stdout all=warning uptime,level,tags foldmultilines=false
 #1: stderr all=off uptime,level,tags foldmultilines=false

Environment Variables:
PATH=C:\Program Files\Microsoft MPI\Bin\;C:\Program Files\Common Files\Oracle\Java\javapath;C:\Program Files (x86)\Common Files\Oracle\Java\javapath;C:\Program Files (x86)\VMware\VMware Workstation\bin\;C:\windows\system32;C:\windows;C:\windows\System32\Wbem;C:\windows\System32\WindowsPowerShell\v1.0\;C:\windows\System32\OpenSSH\;C:\Program Files (x86)\NVIDIA Corporation\PhysX\Common;C:\Program Files\NVIDIA Corporation\NVIDIA NvDLISR;C:\Users\Administrator\AppData\Local\Microsoft\WindowsApps;C:\Program Files\HP\OMEN-Broadcast\Common;C:\Program Files\Git\cmd;C:\MinGW\bin;C:\Program Files\dotnet\;C:\Program Files (x86)\Microsoft SQL Server\160\Tools\Binn\;C:\Program Files\Microsoft SQL Server\160\Tools\Binn\;C:\Program Files\Microsoft SQL Server\Client SDK\ODBC\170\Tools\Binn\;C:\Program Files\Microsoft SQL Server\160\DTS\Binn\;C:\Program Files (x86)\Microsoft SQL Server\160\DTS\Binn\;C:\Program Files\Azure Data Studio\bin;C:\Program Files\CMake\bin;C:\Program Files\MySQL\MySQL Server 8.0\bin;C:\Program Files\nodejs\;C:\Program Files (x86)\Vim\vim90;C:\Program Files\VSCodium\bin;C:\msys64\mingw64\bin;C:\Program Files\Adobe\Adobe Illustrator 2020\Support Files\Contents\Windows;;C:\Program Files\HP\HP One Agent;C:\Program Files (x86)\Windows Kits\10\Windows Performance Toolkit\;C:\Program Files\MySQL\MySQL Shell 8.0\bin\;C:\Users\HP\.cargo\bin;C:\Users\HP\AppData\Local\Programs\Python\Launcher\;C:\Users\HP\AppData\Local\Microsoft\WindowsApps;C:\Users\HP\AppData\Local\Programs\Microsoft VS Code\bin;D:\NeoVim\bin;C:\Program Files\Azure Data Studio\bin;C:\Users\HP\AppData\Roaming\npm;C:\raylib\w64devkit\bin;C:\Program Files\Adobe\Adobe Illustrator 2020\Support Files\Contents\Windows;;C:\Program Files\IntelliJ IDEA 2023.3.5\bin;
USERNAME=HP
OS=Windows_NT
PROCESSOR_IDENTIFIER=AMD64 Family 25 Model 68 Stepping 1, AuthenticAMD
TMP=C:\Users\HP\AppData\Local\Temp
TEMP=C:\Users\HP\AppData\Local\Temp




Periodic native trim disabled

---------------  S Y S T E M  ---------------

OS:
 Windows 11 , 64 bit Build 22621 (10.0.22621.3527)
OS uptime: 3 days 15:14 hours
Hyper-V role detected

CPU: total 12 (initial active 12) (12 cores per cpu, 2 threads per core) family 25 model 68 stepping 1 microcode 0x0, cx8, cmov, fxsr, ht, mmx, 3dnowpref, sse, sse2, sse3, ssse3, sse4a, sse4.1, sse4.2, popcnt, lzcnt, tsc, tscinvbit, avx, avx2, aes, erms, clmul, bmi1, bmi2, adx, sha, fma, vzeroupper, clflush, clflushopt, hv, rdtscp, rdpid, fsrm, f16c, cet_ss
Processor Information for all 12 processors :
  Max Mhz: 3301, Current Mhz: 2024, Mhz Limit: 3301

Memory: 4k page, system-wide physical 15573M (3862M free)
TotalPageFile size 17621M (AvailPageFile size 18M)
current process WorkingSet (physical memory assigned to process): 180M, peak: 180M
current process commit charge ("private bytes"): 248M, peak: 427M

vm_info: Java HotSpot(TM) 64-Bit Server VM (21.0.1+12-LTS-29) for windows-amd64 JRE (21.0.1+12-LTS-29), built on 2023-10-05T13:27:09Z by "mach5one" with MS VC++ 17.1 (VS2022)

END.
